<?xml version="1.0" encoding="UTF-8" standalone="yes"?><!DOCTYPE report PUBLIC "-//JACOCO//DTD Report 1.1//EN" "report.dtd"><report name="com.irurueta:irurueta-commons"><sessioninfo id="travis-job-9b5a1acf-cfdd-4119-b402-212bf5c4687e-f3edfff3" start="1602948190046" dump="1602948192208"/><package name="com/irurueta/commons"><class name="com/irurueta/commons/BuildInfo" sourcefilename="BuildInfo.java"><method name="&lt;init&gt;" desc="()V" line="130"><counter type="INSTRUCTION" missed="12" covered="66"/><counter type="BRANCH" missed="1" covered="1"/><counter type="LINE" missed="4" covered="18"/><counter type="COMPLEXITY" missed="1" covered="1"/><counter type="METHOD" missed="0" covered="1"/></method><method name="getInstance" desc="()Lcom/irurueta/commons/BuildInfo;" line="171"><counter type="INSTRUCTION" missed="0" covered="19"/><counter type="BRANCH" missed="1" covered="3"/><counter type="LINE" missed="0" covered="4"/><counter type="COMPLEXITY" missed="1" covered="2"/><counter type="METHOD" missed="0" covered="1"/></method><method name="getBuildTimestamp" desc="()Ljava/util/Date;" line="184"><counter type="INSTRUCTION" missed="0" covered="5"/><counter type="LINE" missed="0" covered="1"/><counter type="COMPLEXITY" missed="0" covered="1"/><counter type="METHOD" missed="0" covered="1"/></method><method name="getGroupId" desc="()Ljava/lang/String;" line="192"><counter type="INSTRUCTION" missed="0" covered="3"/><counter type="LINE" missed="0" covered="1"/><counter type="COMPLEXITY" missed="0" covered="1"/><counter type="METHOD" missed="0" covered="1"/></method><method name="getArtifactId" desc="()Ljava/lang/String;" line="200"><counter type="INSTRUCTION" missed="0" covered="3"/><counter type="LINE" missed="0" covered="1"/><counter type="COMPLEXITY" missed="0" covered="1"/><counter type="METHOD" missed="0" covered="1"/></method><method name="getVersion" desc="()Ljava/lang/String;" line="208"><counter type="INSTRUCTION" missed="0" covered="3"/><counter type="LINE" missed="0" covered="1"/><counter type="COMPLEXITY" missed="0" covered="1"/><counter type="METHOD" missed="0" covered="1"/></method><method name="getBuildNumber" desc="()Ljava/lang/String;" line="216"><counter type="INSTRUCTION" missed="0" covered="3"/><counter type="LINE" missed="0" covered="1"/><counter type="COMPLEXITY" missed="0" covered="1"/><counter type="METHOD" missed="0" covered="1"/></method><method name="getCommit" desc="()Ljava/lang/String;" line="224"><counter type="INSTRUCTION" missed="0" covered="3"/><counter type="LINE" missed="0" covered="1"/><counter type="COMPLEXITY" missed="0" covered="1"/><counter type="METHOD" missed="0" covered="1"/></method><method name="getBranch" desc="()Ljava/lang/String;" line="232"><counter type="INSTRUCTION" missed="0" covered="3"/><counter type="LINE" missed="0" covered="1"/><counter type="COMPLEXITY" missed="0" covered="1"/><counter type="METHOD" missed="0" covered="1"/></method><method name="&lt;clinit&gt;" desc="()V" line="36"><counter type="INSTRUCTION" missed="0" covered="5"/><counter type="LINE" missed="0" covered="2"/><counter type="COMPLEXITY" missed="0" covered="1"/><counter type="METHOD" missed="0" covered="1"/></method><counter type="INSTRUCTION" missed="12" covered="113"/><counter type="BRANCH" missed="2" covered="4"/><counter type="LINE" missed="4" covered="31"/><counter type="COMPLEXITY" missed="2" covered="11"/><counter type="METHOD" missed="0" covered="10"/><counter type="CLASS" missed="0" covered="1"/></class><class name="com/irurueta/commons/EditDistance" sourcefilename="EditDistance.java"><method name="&lt;init&gt;" desc="()V" line="33"><counter type="INSTRUCTION" missed="0" covered="3"/><counter type="LINE" missed="0" covered="1"/><counter type="COMPLEXITY" missed="0" covered="1"/><counter type="METHOD" missed="0" covered="1"/></method><method name="stringDistance" desc="(Ljava/lang/String;Ljava/lang/String;)I" line="42"><counter type="INSTRUCTION" missed="0" covered="10"/><counter type="LINE" missed="0" covered="1"/><counter type="COMPLEXITY" missed="0" covered="1"/><counter type="METHOD" missed="0" covered="1"/></method><method name="distance" desc="([Ljava/lang/Object;[Ljava/lang/Object;)I" line="58"><counter type="INSTRUCTION" missed="0" covered="10"/><counter type="LINE" missed="0" covered="1"/><counter type="COMPLEXITY" missed="0" covered="1"/><counter type="METHOD" missed="0" covered="1"/></method><method name="distance" desc="(Lcom/irurueta/commons/EditDistance$ArrayWrapper;Lcom/irurueta/commons/EditDistance$ArrayWrapper;)I" line="74"><counter type="INSTRUCTION" missed="8" covered="135"/><counter type="BRANCH" missed="4" covered="14"/><counter type="LINE" missed="3" covered="24"/><counter type="COMPLEXITY" missed="4" covered="6"/><counter type="METHOD" missed="0" covered="1"/></method><counter type="INSTRUCTION" missed="8" covered="158"/><counter type="BRANCH" missed="4" covered="14"/><counter type="LINE" missed="3" covered="27"/><counter type="COMPLEXITY" missed="4" covered="9"/><counter type="METHOD" missed="0" covered="4"/><counter type="CLASS" missed="0" covered="1"/></class><class name="com/irurueta/commons/DateUtils" sourcefilename="DateUtils.java"><method name="&lt;init&gt;" desc="()V" line="54"><counter type="INSTRUCTION" missed="0" covered="3"/><counter type="LINE" missed="0" covered="1"/><counter type="COMPLEXITY" missed="0" covered="1"/><counter type="METHOD" missed="0" covered="1"/></method><method name="parse" desc="(Ljava/lang/String;)Ljava/util/Date;" line="62"><counter type="INSTRUCTION" missed="3" covered="41"/><counter type="BRANCH" missed="0" covered="2"/><counter type="LINE" missed="2" covered="11"/><counter type="COMPLEXITY" missed="0" covered="2"/><counter type="METHOD" missed="0" covered="1"/></method><method name="formatDate" desc="(Ljava/util/Date;)Ljava/lang/String;" line="98"><counter type="INSTRUCTION" missed="2" covered="10"/><counter type="BRANCH" missed="1" covered="1"/><counter type="LINE" missed="1" covered="4"/><counter type="COMPLEXITY" missed="1" covered="1"/><counter type="METHOD" missed="0" covered="1"/></method><method name="formatDateAndTime" desc="(Ljava/util/Date;)Ljava/lang/String;" line="114"><counter type="INSTRUCTION" missed="2" covered="11"/><counter type="BRANCH" missed="1" covered="1"/><counter type="LINE" missed="1" covered="4"/><counter type="COMPLEXITY" missed="1" covered="1"/><counter type="METHOD" missed="0" covered="1"/></method><method name="today" desc="()Ljava/util/Date;" line="129"><counter type="INSTRUCTION" missed="0" covered="21"/><counter type="LINE" missed="0" covered="6"/><counter type="COMPLEXITY" missed="0" covered="1"/><counter type="METHOD" missed="0" covered="1"/></method><method name="isSameDay" desc="(Ljava/util/Date;Ljava/util/Date;)Z" line="145"><counter type="INSTRUCTION" missed="0" covered="14"/><counter type="LINE" missed="0" covered="5"/><counter type="COMPLEXITY" missed="0" covered="1"/><counter type="METHOD" missed="0" covered="1"/></method><method name="isSameDay" desc="(Ljava/util/Calendar;Ljava/util/Calendar;)Z" line="160"><counter type="INSTRUCTION" missed="0" covered="25"/><counter type="BRANCH" missed="2" covered="4"/><counter type="LINE" missed="0" covered="3"/><counter type="COMPLEXITY" missed="2" covered="2"/><counter type="METHOD" missed="0" covered="1"/></method><method name="isToday" desc="(Ljava/util/Date;)Z" line="172"><counter type="INSTRUCTION" missed="0" covered="6"/><counter type="LINE" missed="0" covered="1"/><counter type="COMPLEXITY" missed="0" covered="1"/><counter type="METHOD" missed="0" covered="1"/></method><counter type="INSTRUCTION" missed="7" covered="131"/><counter type="BRANCH" missed="4" covered="8"/><counter type="LINE" missed="4" covered="35"/><counter type="COMPLEXITY" missed="4" covered="10"/><counter type="METHOD" missed="0" covered="8"/><counter type="CLASS" missed="0" covered="1"/></class><class name="com/irurueta/commons/MaskedPanFormatter" sourcefilename="MaskedPanFormatter.java"><method name="format" desc="(Ljava/lang/String;Lcom/irurueta/commons/validators/CreditCardNetwork;CC)Ljava/lang/String;" line="66"><counter type="INSTRUCTION" missed="0" covered="8"/><counter type="LINE" missed="0" covered="1"/><counter type="COMPLEXITY" missed="0" covered="1"/><counter type="METHOD" missed="0" covered="1"/></method><method name="format" desc="(Ljava/lang/String;Lcom/irurueta/commons/validators/CreditCardNetwork;C)Ljava/lang/String;" line="83"><counter type="INSTRUCTION" missed="0" covered="6"/><counter type="LINE" missed="0" covered="1"/><counter type="COMPLEXITY" missed="0" covered="1"/><counter type="METHOD" missed="0" covered="1"/></method><method name="format" desc="(Ljava/lang/String;Lcom/irurueta/commons/validators/CreditCardNetwork;)Ljava/lang/String;" line="100"><counter type="INSTRUCTION" missed="0" covered="5"/><counter type="LINE" missed="0" covered="1"/><counter type="COMPLEXITY" missed="0" covered="1"/><counter type="METHOD" missed="0" covered="1"/></method><method name="format" desc="(Ljava/lang/String;CC)Ljava/lang/String;" line="117"><counter type="INSTRUCTION" missed="0" covered="7"/><counter type="LINE" missed="0" covered="1"/><counter type="COMPLEXITY" missed="0" covered="1"/><counter type="METHOD" missed="0" covered="1"/></method><method name="format" desc="(Ljava/lang/String;C)Ljava/lang/String;" line="135"><counter type="INSTRUCTION" missed="0" covered="5"/><counter type="LINE" missed="0" covered="1"/><counter type="COMPLEXITY" missed="0" covered="1"/><counter type="METHOD" missed="0" covered="1"/></method><method name="format" desc="(Ljava/lang/String;)Ljava/lang/String;" line="152"><counter type="INSTRUCTION" missed="0" covered="4"/><counter type="LINE" missed="0" covered="1"/><counter type="COMPLEXITY" missed="0" covered="1"/><counter type="METHOD" missed="0" covered="1"/></method><method name="format" desc="([BLcom/irurueta/commons/validators/CreditCardNetwork;CCI)Ljava/lang/String;" line="172"><counter type="INSTRUCTION" missed="0" covered="62"/><counter type="BRANCH" missed="0" covered="2"/><counter type="LINE" missed="0" covered="13"/><counter type="COMPLEXITY" missed="0" covered="2"/><counter type="METHOD" missed="0" covered="1"/></method><method name="toDigits" desc="(Ljava/lang/String;)[B" line="203"><counter type="INSTRUCTION" missed="0" covered="3"/><counter type="LINE" missed="0" covered="1"/><counter type="COMPLEXITY" missed="0" covered="1"/><counter type="METHOD" missed="0" covered="1"/></method><counter type="INSTRUCTION" missed="0" covered="100"/><counter type="BRANCH" missed="0" covered="2"/><counter type="LINE" missed="0" covered="20"/><counter type="COMPLEXITY" missed="0" covered="9"/><counter type="METHOD" missed="0" covered="8"/><counter type="CLASS" missed="0" covered="1"/></class><class name="com/irurueta/commons/EditDistance$StringArrayWrapper" sourcefilename="EditDistance.java"><method name="&lt;init&gt;" desc="(Ljava/lang/String;)V" line="172"><counter type="INSTRUCTION" missed="0" covered="6"/><counter type="LINE" missed="0" covered="3"/><counter type="COMPLEXITY" missed="0" covered="1"/><counter type="METHOD" missed="0" covered="1"/></method><method name="length" desc="()I" line="181"><counter type="INSTRUCTION" missed="0" covered="4"/><counter type="LINE" missed="0" covered="1"/><counter type="COMPLEXITY" missed="0" covered="1"/><counter type="METHOD" missed="0" covered="1"/></method><method name="equals" desc="(Lcom/irurueta/commons/EditDistance$ArrayWrapper;II)Z" line="197"><counter type="INSTRUCTION" missed="2" covered="19"/><counter type="BRANCH" missed="1" covered="3"/><counter type="LINE" missed="1" covered="3"/><counter type="COMPLEXITY" missed="1" covered="2"/><counter type="METHOD" missed="0" covered="1"/></method><counter type="INSTRUCTION" missed="2" covered="29"/><counter type="BRANCH" missed="1" covered="3"/><counter type="LINE" missed="1" covered="7"/><counter type="COMPLEXITY" missed="1" covered="4"/><counter type="METHOD" missed="0" covered="3"/><counter type="CLASS" missed="0" covered="1"/></class><class name="com/irurueta/commons/PanMaskGenerator" sourcefilename="PanMaskGenerator.java"><method name="generate" desc="(Lcom/irurueta/commons/validators/CreditCardNetwork;CC)Ljava/lang/String;" line="55"><counter type="INSTRUCTION" missed="0" covered="36"/><counter type="BRANCH" missed="0" covered="4"/><counter type="LINE" missed="0" covered="9"/><counter type="COMPLEXITY" missed="0" covered="3"/><counter type="METHOD" missed="0" covered="1"/></method><method name="generate" desc="(Lcom/irurueta/commons/validators/CreditCardNetwork;C)Ljava/lang/String;" line="84"><counter type="INSTRUCTION" missed="0" covered="5"/><counter type="LINE" missed="0" covered="1"/><counter type="COMPLEXITY" missed="0" covered="1"/><counter type="METHOD" missed="0" covered="1"/></method><method name="generate" desc="(Lcom/irurueta/commons/validators/CreditCardNetwork;)Ljava/lang/String;" line="94"><counter type="INSTRUCTION" missed="0" covered="4"/><counter type="LINE" missed="0" covered="1"/><counter type="COMPLEXITY" missed="0" covered="1"/><counter type="METHOD" missed="0" covered="1"/></method><method name="repeatMaskChar" desc="(Ljava/lang/StringBuilder;CI)V" line="106"><counter type="INSTRUCTION" missed="0" covered="12"/><counter type="BRANCH" missed="0" covered="2"/><counter type="LINE" missed="0" covered="3"/><counter type="COMPLEXITY" missed="0" covered="2"/><counter type="METHOD" missed="0" covered="1"/></method><counter type="INSTRUCTION" missed="0" covered="57"/><counter type="BRANCH" missed="0" covered="6"/><counter type="LINE" missed="0" covered="14"/><counter type="COMPLEXITY" missed="0" covered="7"/><counter type="METHOD" missed="0" covered="4"/><counter type="CLASS" missed="0" covered="1"/></class><class name="com/irurueta/commons/CommonsException" sourcefilename="CommonsException.java"><method name="&lt;init&gt;" desc="()V" line="28"><counter type="INSTRUCTION" missed="0" covered="3"/><counter type="LINE" missed="0" covered="2"/><counter type="COMPLEXITY" missed="0" covered="1"/><counter type="METHOD" missed="0" covered="1"/></method><method name="&lt;init&gt;" desc="(Ljava/lang/String;)V" line="36"><counter type="INSTRUCTION" missed="0" covered="4"/><counter type="LINE" missed="0" covered="2"/><counter type="COMPLEXITY" missed="0" covered="1"/><counter type="METHOD" missed="0" covered="1"/></method><method name="&lt;init&gt;" desc="(Ljava/lang/String;Ljava/lang/Throwable;)V" line="45"><counter type="INSTRUCTION" missed="0" covered="5"/><counter type="LINE" missed="0" covered="2"/><counter type="COMPLEXITY" missed="0" covered="1"/><counter type="METHOD" missed="0" covered="1"/></method><method name="&lt;init&gt;" desc="(Ljava/lang/Throwable;)V" line="53"><counter type="INSTRUCTION" missed="0" covered="4"/><counter type="LINE" missed="0" covered="2"/><counter type="COMPLEXITY" missed="0" covered="1"/><counter type="METHOD" missed="0" covered="1"/></method><counter type="INSTRUCTION" missed="0" covered="16"/><counter type="LINE" missed="0" covered="8"/><counter type="COMPLEXITY" missed="0" covered="4"/><counter type="METHOD" missed="0" covered="4"/><counter type="CLASS" missed="0" covered="1"/></class><class name="com/irurueta/commons/EditDistance$GenericArrayWrapper" sourcefilename="EditDistance.java"><method name="&lt;init&gt;" desc="([Ljava/lang/Object;)V" line="222"><counter type="INSTRUCTION" missed="0" covered="6"/><counter type="LINE" missed="0" covered="3"/><counter type="COMPLEXITY" missed="0" covered="1"/><counter type="METHOD" missed="0" covered="1"/></method><method name="length" desc="()I" line="231"><counter type="INSTRUCTION" missed="0" covered="4"/><counter type="LINE" missed="0" covered="1"/><counter type="COMPLEXITY" missed="0" covered="1"/><counter type="METHOD" missed="0" covered="1"/></method><method name="equals" desc="(Lcom/irurueta/commons/EditDistance$ArrayWrapper;II)Z" line="245"><counter type="INSTRUCTION" missed="2" covered="16"/><counter type="BRANCH" missed="1" covered="1"/><counter type="LINE" missed="1" covered="3"/><counter type="COMPLEXITY" missed="1" covered="1"/><counter type="METHOD" missed="0" covered="1"/></method><counter type="INSTRUCTION" missed="2" covered="26"/><counter type="BRANCH" missed="1" covered="1"/><counter type="LINE" missed="1" covered="7"/><counter type="COMPLEXITY" missed="1" covered="3"/><counter type="METHOD" missed="0" covered="3"/><counter type="CLASS" missed="0" covered="1"/></class><sourcefile name="MaskedPanFormatter.java"><line nr="66" mi="0" ci="8" mb="0" cb="0"/><line nr="83" mi="0" ci="6" mb="0" cb="0"/><line nr="100" mi="0" ci="5" mb="0" cb="0"/><line nr="117" mi="0" ci="7" mb="0" cb="0"/><line nr="135" mi="0" ci="5" mb="0" cb="0"/><line nr="152" mi="0" ci="4" mb="0" cb="0"/><line nr="172" mi="0" ci="5" mb="0" cb="0"/><line nr="177" mi="0" ci="3" mb="0" cb="0"/><line nr="179" mi="0" ci="4" mb="0" cb="0"/><line nr="180" mi="0" ci="2" mb="0" cb="0"/><line nr="182" mi="0" ci="4" mb="0" cb="0"/><line nr="183" mi="0" ci="7" mb="0" cb="0"/><line nr="184" mi="0" ci="5" mb="0" cb="0"/><line nr="185" mi="0" ci="5" mb="0" cb="0"/><line nr="187" mi="0" ci="5" mb="0" cb="0"/><line nr="188" mi="0" ci="5" mb="0" cb="0"/><line nr="189" mi="0" ci="8" mb="0" cb="2"/><line nr="190" mi="0" ci="6" mb="0" cb="0"/><line nr="193" mi="0" ci="3" mb="0" cb="0"/><line nr="203" mi="0" ci="3" mb="0" cb="0"/><counter type="INSTRUCTION" missed="0" covered="100"/><counter type="BRANCH" missed="0" covered="2"/><counter type="LINE" missed="0" covered="20"/><counter type="COMPLEXITY" missed="0" covered="9"/><counter type="METHOD" missed="0" covered="8"/><counter type="CLASS" missed="0" covered="1"/></sourcefile><sourcefile name="DateUtils.java"><line nr="54" mi="0" ci="3" mb="0" cb="0"/><line nr="62" mi="0" ci="2" mb="0" cb="2"/><line nr="63" mi="0" ci="2" mb="0" cb="0"/><line nr="68" mi="0" ci="5" mb="0" cb="0"/><line nr="69" mi="0" ci="6" mb="0" cb="0"/><line nr="71" mi="0" ci="4" mb="0" cb="0"/><line nr="72" mi="0" ci="1" mb="0" cb="0"/><line nr="75" mi="0" ci="6" mb="0" cb="0"/><line nr="77" mi="0" ci="4" mb="0" cb="0"/><line nr="78" mi="0" ci="1" mb="0" cb="0"/><line nr="81" mi="0" ci="6" mb="0" cb="0"/><line nr="83" mi="0" ci="4" mb="0" cb="0"/><line nr="84" mi="1" ci="0" mb="0" cb="0"/><line nr="86" mi="2" ci="0" mb="0" cb="0"/><line nr="98" mi="0" ci="2" mb="1" cb="1"/><line nr="100" mi="0" ci="1" mb="0" cb="0"/><line nr="101" mi="0" ci="3" mb="0" cb="0"/><line nr="103" mi="0" ci="4" mb="0" cb="0"/><line nr="105" mi="2" ci="0" mb="0" cb="0"/><line nr="114" mi="0" ci="2" mb="1" cb="1"/><line nr="116" mi="0" ci="2" mb="0" cb="0"/><line nr="117" mi="0" ci="3" mb="0" cb="0"/><line nr="119" mi="0" ci="4" mb="0" cb="0"/><line nr="121" mi="2" ci="0" mb="0" cb="0"/><line nr="129" mi="0" ci="2" mb="0" cb="0"/><line nr="130" mi="0" ci="4" mb="0" cb="0"/><line nr="131" mi="0" ci="4" mb="0" cb="0"/><line nr="132" mi="0" ci="4" mb="0" cb="0"/><line nr="133" mi="0" ci="4" mb="0" cb="0"/><line nr="134" mi="0" ci="3" mb="0" cb="0"/><line nr="145" mi="0" ci="2" mb="0" cb="0"/><line nr="146" mi="0" ci="3" mb="0" cb="0"/><line nr="147" mi="0" ci="2" mb="0" cb="0"/><line nr="148" mi="0" ci="3" mb="0" cb="0"/><line nr="149" mi="0" ci="4" mb="0" cb="0"/><line nr="160" mi="0" ci="10" mb="1" cb="1"/><line nr="161" mi="0" ci="7" mb="0" cb="2"/><line nr="162" mi="0" ci="8" mb="1" cb="1"/><line nr="172" mi="0" ci="6" mb="0" cb="0"/><counter type="INSTRUCTION" missed="7" covered="131"/><counter type="BRANCH" missed="4" covered="8"/><counter type="LINE" missed="4" covered="35"/><counter type="COMPLEXITY" missed="4" covered="10"/><counter type="METHOD" missed="0" covered="8"/><counter type="CLASS" missed="0" covered="1"/></sourcefile><sourcefile name="BuildInfo.java"><line nr="36" mi="0" ci="4" mb="0" cb="0"/><line nr="37" mi="0" ci="1" mb="0" cb="0"/><line nr="130" mi="0" ci="2" mb="0" cb="0"/><line nr="132" mi="0" ci="2" mb="0" cb="0"/><line nr="134" mi="0" ci="4" mb="0" cb="0"/><line nr="136" mi="0" ci="4" mb="0" cb="0"/><line nr="137" mi="0" ci="3" mb="0" cb="0"/><line nr="139" mi="0" ci="4" mb="0" cb="0"/><line nr="141" mi="0" ci="6" mb="0" cb="0"/><line nr="143" mi="0" ci="5" mb="0" cb="0"/><line nr="145" mi="0" ci="5" mb="0" cb="0"/><line nr="146" mi="0" ci="5" mb="0" cb="0"/><line nr="147" mi="0" ci="5" mb="0" cb="0"/><line nr="148" mi="0" ci="5" mb="0" cb="0"/><line nr="149" mi="0" ci="5" mb="0" cb="0"/><line nr="150" mi="0" ci="5" mb="0" cb="0"/><line nr="151" mi="1" ci="0" mb="0" cb="0"/><line nr="152" mi="5" ci="0" mb="0" cb="0"/><line nr="154" mi="0" ci="2" mb="1" cb="1"/><line nr="156" mi="0" ci="2" mb="0" cb="0"/><line nr="157" mi="1" ci="0" mb="0" cb="0"/><line nr="158" mi="5" ci="0" mb="0" cb="0"/><line nr="160" mi="0" ci="1" mb="0" cb="0"/><line nr="163" mi="0" ci="1" mb="0" cb="0"/><line nr="171" mi="0" ci="8" mb="1" cb="3"/><line nr="172" mi="0" ci="4" mb="0" cb="0"/><line nr="173" mi="0" ci="5" mb="0" cb="0"/><line nr="176" mi="0" ci="2" mb="0" cb="0"/><line nr="184" mi="0" ci="5" mb="0" cb="0"/><line nr="192" mi="0" ci="3" mb="0" cb="0"/><line nr="200" mi="0" ci="3" mb="0" cb="0"/><line nr="208" mi="0" ci="3" mb="0" cb="0"/><line nr="216" mi="0" ci="3" mb="0" cb="0"/><line nr="224" mi="0" ci="3" mb="0" cb="0"/><line nr="232" mi="0" ci="3" mb="0" cb="0"/><counter type="INSTRUCTION" missed="12" covered="113"/><counter type="BRANCH" missed="2" covered="4"/><counter type="LINE" missed="4" covered="31"/><counter type="COMPLEXITY" missed="2" covered="11"/><counter type="METHOD" missed="0" covered="10"/><counter type="CLASS" missed="0" covered="1"/></sourcefile><sourcefile name="EditDistance.java"><line nr="33" mi="0" ci="3" mb="0" cb="0"/><line nr="42" mi="0" ci="10" mb="0" cb="0"/><line nr="58" mi="0" ci="10" mb="0" cb="0"/><line nr="74" mi="0" ci="4" mb="2" cb="2"/><line nr="75" mi="4" ci="0" mb="0" cb="0"/><line nr="80" mi="0" ci="3" mb="0" cb="0"/><line nr="81" mi="0" ci="3" mb="0" cb="0"/><line nr="82" mi="0" ci="2" mb="1" cb="1"/><line nr="83" mi="2" ci="0" mb="0" cb="0"/><line nr="85" mi="0" ci="2" mb="1" cb="1"/><line nr="86" mi="2" ci="0" mb="0" cb="0"/><line nr="93" mi="0" ci="2" mb="0" cb="0"/><line nr="94" mi="0" ci="2" mb="0" cb="0"/><line nr="95" mi="0" ci="17" mb="0" cb="0"/><line nr="96" mi="0" ci="7" mb="0" cb="2"/><line nr="97" mi="0" ci="6" mb="0" cb="0"/><line nr="101" mi="0" ci="7" mb="0" cb="2"/><line nr="103" mi="0" ci="6" mb="0" cb="0"/><line nr="104" mi="0" ci="7" mb="0" cb="2"/><line nr="105" mi="0" ci="8" mb="0" cb="0"/><line nr="106" mi="0" ci="10" mb="0" cb="0"/><line nr="107" mi="0" ci="7" mb="0" cb="0"/><line nr="108" mi="0" ci="15" mb="0" cb="2"/><line nr="110" mi="0" ci="10" mb="0" cb="0"/><line nr="114" mi="0" ci="2" mb="0" cb="2"/><line nr="115" mi="0" ci="2" mb="0" cb="0"/><line nr="116" mi="0" ci="3" mb="0" cb="0"/><line nr="118" mi="0" ci="2" mb="0" cb="0"/><line nr="119" mi="0" ci="2" mb="0" cb="0"/><line nr="124" mi="0" ci="6" mb="0" cb="0"/><line nr="172" mi="0" ci="2" mb="0" cb="0"/><line nr="173" mi="0" ci="3" mb="0" cb="0"/><line nr="174" mi="0" ci="1" mb="0" cb="0"/><line nr="181" mi="0" ci="4" mb="0" cb="0"/><line nr="197" mi="0" ci="3" mb="1" cb="1"/><line nr="198" mi="2" ci="0" mb="0" cb="0"/><line nr="201" mi="0" ci="4" mb="0" cb="0"/><line nr="202" mi="0" ci="12" mb="0" cb="2"/><line nr="222" mi="0" ci="2" mb="0" cb="0"/><line nr="223" mi="0" ci="3" mb="0" cb="0"/><line nr="224" mi="0" ci="1" mb="0" cb="0"/><line nr="231" mi="0" ci="4" mb="0" cb="0"/><line nr="245" mi="0" ci="3" mb="1" cb="1"/><line nr="246" mi="2" ci="0" mb="0" cb="0"/><line nr="249" mi="0" ci="4" mb="0" cb="0"/><line nr="250" mi="0" ci="9" mb="0" cb="0"/><counter type="INSTRUCTION" missed="12" covered="213"/><counter type="BRANCH" missed="6" covered="18"/><counter type="LINE" missed="5" covered="41"/><counter type="COMPLEXITY" missed="6" covered="16"/><counter type="METHOD" missed="0" covered="10"/><counter type="CLASS" missed="0" covered="3"/></sourcefile><sourcefile name="PanMaskGenerator.java"><line nr="55" mi="0" ci="3" mb="0" cb="0"/><line nr="57" mi="0" ci="4" mb="0" cb="0"/><line nr="61" mi="0" ci="4" mb="0" cb="0"/><line nr="62" mi="0" ci="7" mb="0" cb="2"/><line nr="63" mi="0" ci="4" mb="0" cb="0"/><line nr="66" mi="0" ci="4" mb="0" cb="0"/><line nr="67" mi="0" ci="3" mb="0" cb="2"/><line nr="69" mi="0" ci="4" mb="0" cb="0"/><line nr="73" mi="0" ci="3" mb="0" cb="0"/><line nr="84" mi="0" ci="5" mb="0" cb="0"/><line nr="94" mi="0" ci="4" mb="0" cb="0"/><line nr="106" mi="0" ci="7" mb="0" cb="2"/><line nr="107" mi="0" ci="4" mb="0" cb="0"/><line nr="109" mi="0" ci="1" mb="0" cb="0"/><counter type="INSTRUCTION" missed="0" covered="57"/><counter type="BRANCH" missed="0" covered="6"/><counter type="LINE" missed="0" covered="14"/><counter type="COMPLEXITY" missed="0" covered="7"/><counter type="METHOD" missed="0" covered="4"/><counter type="CLASS" missed="0" covered="1"/></sourcefile><sourcefile name="CommonsException.java"><line nr="28" mi="0" ci="2" mb="0" cb="0"/><line nr="29" mi="0" ci="1" mb="0" cb="0"/><line nr="36" mi="0" ci="3" mb="0" cb="0"/><line nr="37" mi="0" ci="1" mb="0" cb="0"/><line nr="45" mi="0" ci="4" mb="0" cb="0"/><line nr="46" mi="0" ci="1" mb="0" cb="0"/><line nr="53" mi="0" ci="3" mb="0" cb="0"/><line nr="54" mi="0" ci="1" mb="0" cb="0"/><counter type="INSTRUCTION" missed="0" covered="16"/><counter type="LINE" missed="0" covered="8"/><counter type="COMPLEXITY" missed="0" covered="4"/><counter type="METHOD" missed="0" covered="4"/><counter type="CLASS" missed="0" covered="1"/></sourcefile><counter type="INSTRUCTION" missed="31" covered="630"/><counter type="BRANCH" missed="12" covered="38"/><counter type="LINE" missed="13" covered="149"/><counter type="COMPLEXITY" missed="12" covered="57"/><counter type="METHOD" missed="0" covered="44"/><counter type="CLASS" missed="0" covered="8"/></package><package name="com/irurueta/commons/validators"><class name="com/irurueta/commons/validators/CreditCardValidator" sourcefilename="CreditCardValidator.java"><method name="&lt;init&gt;" desc="()V" line="595"><counter type="INSTRUCTION" missed="0" covered="3"/><counter type="LINE" missed="0" covered="1"/><counter type="COMPLEXITY" missed="0" covered="1"/><counter type="METHOD" missed="0" covered="1"/></method><method name="isValidMII" desc="(Ljava/lang/String;)Z" line="605"><counter type="INSTRUCTION" missed="0" covered="4"/><counter type="LINE" missed="0" covered="1"/><counter type="COMPLEXITY" missed="0" covered="1"/><counter type="METHOD" missed="0" covered="1"/></method><method name="isValidMII" desc="([B)Z" line="616"><counter type="INSTRUCTION" missed="0" covered="27"/><counter type="BRANCH" missed="0" covered="12"/><counter type="LINE" missed="0" covered="4"/><counter type="COMPLEXITY" missed="0" covered="7"/><counter type="METHOD" missed="0" covered="1"/></method><method name="isValidationEnabledForNetwork" desc="(Lcom/irurueta/commons/validators/CreditCardNetwork;)Z" line="631"><counter type="INSTRUCTION" missed="0" covered="45"/><counter type="BRANCH" missed="0" covered="20"/><counter type="LINE" missed="0" covered="21"/><counter type="COMPLEXITY" missed="0" covered="19"/><counter type="METHOD" missed="0" covered="1"/></method><method name="isNetworkActive" desc="(Lcom/irurueta/commons/validators/CreditCardNetwork;)Z" line="684"><counter type="INSTRUCTION" missed="0" covered="45"/><counter type="BRANCH" missed="0" covered="20"/><counter type="LINE" missed="0" covered="21"/><counter type="COMPLEXITY" missed="0" covered="19"/><counter type="METHOD" missed="0" covered="1"/></method><method name="detectNetworkFromPAN" desc="(Ljava/lang/String;)Lcom/irurueta/commons/validators/CreditCardNetwork;" line="738"><counter type="INSTRUCTION" missed="0" covered="4"/><counter type="LINE" missed="0" covered="1"/><counter type="COMPLEXITY" missed="0" covered="1"/><counter type="METHOD" missed="0" covered="1"/></method><method name="detectNetworkFromPAN" desc="([B)Lcom/irurueta/commons/validators/CreditCardNetwork;" line="750"><counter type="INSTRUCTION" missed="0" covered="87"/><counter type="BRANCH" missed="0" covered="34"/><counter type="LINE" missed="0" covered="35"/><counter type="COMPLEXITY" missed="0" covered="18"/><counter type="METHOD" missed="0" covered="1"/></method><method name="isValidLength" desc="(Ljava/lang/String;)Z" line="813"><counter type="INSTRUCTION" missed="0" covered="4"/><counter type="LINE" missed="0" covered="1"/><counter type="COMPLEXITY" missed="0" covered="1"/><counter type="METHOD" missed="0" covered="1"/></method><method name="isValidLength" desc="([B)Z" line="825"><counter type="INSTRUCTION" missed="0" covered="5"/><counter type="LINE" missed="0" covered="1"/><counter type="COMPLEXITY" missed="0" covered="1"/><counter type="METHOD" missed="0" covered="1"/></method><method name="isValidLength" desc="(Ljava/lang/String;Lcom/irurueta/commons/validators/CreditCardNetwork;)Z" line="837"><counter type="INSTRUCTION" missed="0" covered="5"/><counter type="LINE" missed="0" covered="1"/><counter type="COMPLEXITY" missed="0" covered="1"/><counter type="METHOD" missed="0" covered="1"/></method><method name="isValidLength" desc="([BLcom/irurueta/commons/validators/CreditCardNetwork;)Z" line="850"><counter type="INSTRUCTION" missed="0" covered="62"/><counter type="BRANCH" missed="0" covered="20"/><counter type="LINE" missed="0" covered="21"/><counter type="COMPLEXITY" missed="0" covered="19"/><counter type="METHOD" missed="0" covered="1"/></method><method name="isValid" desc="(Ljava/lang/String;)Z" line="903"><counter type="INSTRUCTION" missed="0" covered="4"/><counter type="LINE" missed="0" covered="1"/><counter type="COMPLEXITY" missed="0" covered="1"/><counter type="METHOD" missed="0" covered="1"/></method><method name="isValid" desc="([B)Z" line="914"><counter type="INSTRUCTION" missed="0" covered="17"/><counter type="BRANCH" missed="2" covered="2"/><counter type="LINE" missed="0" covered="5"/><counter type="COMPLEXITY" missed="2" covered="1"/><counter type="METHOD" missed="0" covered="1"/></method><method name="isAmericanExpressIIN" desc="(Ljava/lang/String;)Z" line="930"><counter type="INSTRUCTION" missed="0" covered="4"/><counter type="LINE" missed="0" covered="1"/><counter type="COMPLEXITY" missed="0" covered="1"/><counter type="METHOD" missed="0" covered="1"/></method><method name="isAmericanExpressIIN" desc="([B)Z" line="941"><counter type="INSTRUCTION" missed="0" covered="4"/><counter type="LINE" missed="0" covered="1"/><counter type="COMPLEXITY" missed="0" covered="1"/><counter type="METHOD" missed="0" covered="1"/></method><method name="isAmericanExpressValidLength" desc="(Ljava/lang/String;)Z" line="951"><counter type="INSTRUCTION" missed="0" covered="4"/><counter type="LINE" missed="0" covered="1"/><counter type="COMPLEXITY" missed="0" covered="1"/><counter type="METHOD" missed="0" covered="1"/></method><method name="isAmericanExpressValidLength" desc="([B)Z" line="961"><counter type="INSTRUCTION" missed="0" covered="4"/><counter type="LINE" missed="0" covered="1"/><counter type="COMPLEXITY" missed="0" covered="1"/><counter type="METHOD" missed="0" covered="1"/></method><method name="isBankcardIIN" desc="(Ljava/lang/String;)Z" line="971"><counter type="INSTRUCTION" missed="0" covered="4"/><counter type="LINE" missed="0" covered="1"/><counter type="COMPLEXITY" missed="0" covered="1"/><counter type="METHOD" missed="0" covered="1"/></method><method name="isBankcardIIN" desc="([B)Z" line="981"><counter type="INSTRUCTION" missed="0" covered="4"/><counter type="LINE" missed="0" covered="1"/><counter type="COMPLEXITY" missed="0" covered="1"/><counter type="METHOD" missed="0" covered="1"/></method><method name="isBankcardValidLength" desc="(Ljava/lang/String;)Z" line="991"><counter type="INSTRUCTION" missed="0" covered="4"/><counter type="LINE" missed="0" covered="1"/><counter type="COMPLEXITY" missed="0" covered="1"/><counter type="METHOD" missed="0" covered="1"/></method><method name="isBankcardValidLength" desc="([B)Z" line="1001"><counter type="INSTRUCTION" missed="0" covered="4"/><counter type="LINE" missed="0" covered="1"/><counter type="COMPLEXITY" missed="0" covered="1"/><counter type="METHOD" missed="0" covered="1"/></method><method name="isChinaUnionPayIIN" desc="(Ljava/lang/String;)Z" line="1012"><counter type="INSTRUCTION" missed="0" covered="4"/><counter type="LINE" missed="0" covered="1"/><counter type="COMPLEXITY" missed="0" covered="1"/><counter type="METHOD" missed="0" covered="1"/></method><method name="isChinaUnionPayIIN" desc="([B)Z" line="1023"><counter type="INSTRUCTION" missed="0" covered="4"/><counter type="LINE" missed="0" covered="1"/><counter type="COMPLEXITY" missed="0" covered="1"/><counter type="METHOD" missed="0" covered="1"/></method><method name="isChinaUnionPayValidLength" desc="(Ljava/lang/String;)Z" line="1033"><counter type="INSTRUCTION" missed="0" covered="4"/><counter type="LINE" missed="0" covered="1"/><counter type="COMPLEXITY" missed="0" covered="1"/><counter type="METHOD" missed="0" covered="1"/></method><method name="isChinaUnionPayValidLength" desc="([B)Z" line="1043"><counter type="INSTRUCTION" missed="0" covered="4"/><counter type="LINE" missed="0" covered="1"/><counter type="COMPLEXITY" missed="0" covered="1"/><counter type="METHOD" missed="0" covered="1"/></method><method name="isDinersClubCarteBlancheIIN" desc="(Ljava/lang/String;)Z" line="1054"><counter type="INSTRUCTION" missed="0" covered="4"/><counter type="LINE" missed="0" covered="1"/><counter type="COMPLEXITY" missed="0" covered="1"/><counter type="METHOD" missed="0" covered="1"/></method><method name="isDinersClubCarteBlancheIIN" desc="([B)Z" line="1065"><counter type="INSTRUCTION" missed="0" covered="4"/><counter type="LINE" missed="0" covered="1"/><counter type="COMPLEXITY" missed="0" covered="1"/><counter type="METHOD" missed="0" covered="1"/></method><method name="isDinersClubCarteBlancheValidLength" desc="(Ljava/lang/String;)Z" line="1076"><counter type="INSTRUCTION" missed="0" covered="4"/><counter type="LINE" missed="0" covered="1"/><counter type="COMPLEXITY" missed="0" covered="1"/><counter type="METHOD" missed="0" covered="1"/></method><method name="isDinersClubCarteBlancheValidLength" desc="([B)Z" line="1088"><counter type="INSTRUCTION" missed="0" covered="4"/><counter type="LINE" missed="0" covered="1"/><counter type="COMPLEXITY" missed="0" covered="1"/><counter type="METHOD" missed="0" covered="1"/></method><method name="isDinersClubEnrouteIIN" desc="(Ljava/lang/String;)Z" line="1099"><counter type="INSTRUCTION" missed="0" covered="4"/><counter type="LINE" missed="0" covered="1"/><counter type="COMPLEXITY" missed="0" covered="1"/><counter type="METHOD" missed="0" covered="1"/></method><method name="isDinersClubEnrouteIIN" desc="([B)Z" line="1110"><counter type="INSTRUCTION" missed="0" covered="4"/><counter type="LINE" missed="0" covered="1"/><counter type="COMPLEXITY" missed="0" covered="1"/><counter type="METHOD" missed="0" covered="1"/></method><method name="isDinersClubEnrouteValidLength" desc="(Ljava/lang/String;)Z" line="1121"><counter type="INSTRUCTION" missed="0" covered="4"/><counter type="LINE" missed="0" covered="1"/><counter type="COMPLEXITY" missed="0" covered="1"/><counter type="METHOD" missed="0" covered="1"/></method><method name="isDinersClubEnrouteValidLength" desc="([B)Z" line="1132"><counter type="INSTRUCTION" missed="0" covered="4"/><counter type="LINE" missed="0" covered="1"/><counter type="COMPLEXITY" missed="0" covered="1"/><counter type="METHOD" missed="0" covered="1"/></method><method name="isDinersClubInternationalIIN" desc="(Ljava/lang/String;)Z" line="1143"><counter type="INSTRUCTION" missed="0" covered="4"/><counter type="LINE" missed="0" covered="1"/><counter type="COMPLEXITY" missed="0" covered="1"/><counter type="METHOD" missed="0" covered="1"/></method><method name="isDinersClubInternationalIIN" desc="([B)Z" line="1154"><counter type="INSTRUCTION" missed="0" covered="4"/><counter type="LINE" missed="0" covered="1"/><counter type="COMPLEXITY" missed="0" covered="1"/><counter type="METHOD" missed="0" covered="1"/></method><method name="isDinersClubInternationalValidLength" desc="(Ljava/lang/String;)Z" line="1165"><counter type="INSTRUCTION" missed="0" covered="4"/><counter type="LINE" missed="0" covered="1"/><counter type="COMPLEXITY" missed="0" covered="1"/><counter type="METHOD" missed="0" covered="1"/></method><method name="isDinersClubInternationalValidLength" desc="([B)Z" line="1177"><counter type="INSTRUCTION" missed="0" covered="4"/><counter type="LINE" missed="0" covered="1"/><counter type="COMPLEXITY" missed="0" covered="1"/><counter type="METHOD" missed="0" covered="1"/></method><method name="isDinersClubUSACanadaIIN" desc="(Ljava/lang/String;)Z" line="1188"><counter type="INSTRUCTION" missed="0" covered="4"/><counter type="LINE" missed="0" covered="1"/><counter type="COMPLEXITY" missed="0" covered="1"/><counter type="METHOD" missed="0" covered="1"/></method><method name="isDinersClubUSACanadaIIN" desc="([B)Z" line="1199"><counter type="INSTRUCTION" missed="0" covered="4"/><counter type="LINE" missed="0" covered="1"/><counter type="COMPLEXITY" missed="0" covered="1"/><counter type="METHOD" missed="0" covered="1"/></method><method name="isDinersClubUSACanadaValidLength" desc="(Ljava/lang/String;)Z" line="1210"><counter type="INSTRUCTION" missed="0" covered="4"/><counter type="LINE" missed="0" covered="1"/><counter type="COMPLEXITY" missed="0" covered="1"/><counter type="METHOD" missed="0" covered="1"/></method><method name="isDinersClubUSACanadaValidLength" desc="([B)Z" line="1222"><counter type="INSTRUCTION" missed="0" covered="4"/><counter type="LINE" missed="0" covered="1"/><counter type="COMPLEXITY" missed="0" covered="1"/><counter type="METHOD" missed="0" covered="1"/></method><method name="isDiscoverIIN" desc="(Ljava/lang/String;)Z" line="1232"><counter type="INSTRUCTION" missed="0" covered="4"/><counter type="LINE" missed="0" covered="1"/><counter type="COMPLEXITY" missed="0" covered="1"/><counter type="METHOD" missed="0" covered="1"/></method><method name="isDiscoverIIN" desc="([B)Z" line="1242"><counter type="INSTRUCTION" missed="0" covered="4"/><counter type="LINE" missed="0" covered="1"/><counter type="COMPLEXITY" missed="0" covered="1"/><counter type="METHOD" missed="0" covered="1"/></method><method name="isDiscoverValidLength" desc="(Ljava/lang/String;)Z" line="1252"><counter type="INSTRUCTION" missed="0" covered="4"/><counter type="LINE" missed="0" covered="1"/><counter type="COMPLEXITY" missed="0" covered="1"/><counter type="METHOD" missed="0" covered="1"/></method><method name="isDiscoverValidLength" desc="([B)Z" line="1262"><counter type="INSTRUCTION" missed="0" covered="4"/><counter type="LINE" missed="0" covered="1"/><counter type="COMPLEXITY" missed="0" covered="1"/><counter type="METHOD" missed="0" covered="1"/></method><method name="isInstaPaymentIIN" desc="(Ljava/lang/String;)Z" line="1273"><counter type="INSTRUCTION" missed="0" covered="4"/><counter type="LINE" missed="0" covered="1"/><counter type="COMPLEXITY" missed="0" covered="1"/><counter type="METHOD" missed="0" covered="1"/></method><method name="isInstaPaymentIIN" desc="([B)Z" line="1284"><counter type="INSTRUCTION" missed="0" covered="4"/><counter type="LINE" missed="0" covered="1"/><counter type="COMPLEXITY" missed="0" covered="1"/><counter type="METHOD" missed="0" covered="1"/></method><method name="isInstaPaymentValidLength" desc="(Ljava/lang/String;)Z" line="1294"><counter type="INSTRUCTION" missed="0" covered="4"/><counter type="LINE" missed="0" covered="1"/><counter type="COMPLEXITY" missed="0" covered="1"/><counter type="METHOD" missed="0" covered="1"/></method><method name="isInstaPaymentValidLength" desc="([B)Z" line="1304"><counter type="INSTRUCTION" missed="0" covered="4"/><counter type="LINE" missed="0" covered="1"/><counter type="COMPLEXITY" missed="0" covered="1"/><counter type="METHOD" missed="0" covered="1"/></method><method name="isJCBIIN" desc="(Ljava/lang/String;)Z" line="1314"><counter type="INSTRUCTION" missed="0" covered="4"/><counter type="LINE" missed="0" covered="1"/><counter type="COMPLEXITY" missed="0" covered="1"/><counter type="METHOD" missed="0" covered="1"/></method><method name="isJCBIIN" desc="([B)Z" line="1324"><counter type="INSTRUCTION" missed="0" covered="4"/><counter type="LINE" missed="0" covered="1"/><counter type="COMPLEXITY" missed="0" covered="1"/><counter type="METHOD" missed="0" covered="1"/></method><method name="isJCBValidLength" desc="(Ljava/lang/String;)Z" line="1334"><counter type="INSTRUCTION" missed="0" covered="4"/><counter type="LINE" missed="0" covered="1"/><counter type="COMPLEXITY" missed="0" covered="1"/><counter type="METHOD" missed="0" covered="1"/></method><method name="isJCBValidLength" desc="([B)Z" line="1344"><counter type="INSTRUCTION" missed="0" covered="4"/><counter type="LINE" missed="0" covered="1"/><counter type="COMPLEXITY" missed="0" covered="1"/><counter type="METHOD" missed="0" covered="1"/></method><method name="isLaserIIN" desc="(Ljava/lang/String;)Z" line="1354"><counter type="INSTRUCTION" missed="0" covered="4"/><counter type="LINE" missed="0" covered="1"/><counter type="COMPLEXITY" missed="0" covered="1"/><counter type="METHOD" missed="0" covered="1"/></method><method name="isLaserIIN" desc="([B)Z" line="1364"><counter type="INSTRUCTION" missed="0" covered="4"/><counter type="LINE" missed="0" covered="1"/><counter type="COMPLEXITY" missed="0" covered="1"/><counter type="METHOD" missed="0" covered="1"/></method><method name="isLaserValidLength" desc="(Ljava/lang/String;)Z" line="1374"><counter type="INSTRUCTION" missed="0" covered="4"/><counter type="LINE" missed="0" covered="1"/><counter type="COMPLEXITY" missed="0" covered="1"/><counter type="METHOD" missed="0" covered="1"/></method><method name="isLaserValidLength" desc="([B)Z" line="1384"><counter type="INSTRUCTION" missed="0" covered="4"/><counter type="LINE" missed="0" covered="1"/><counter type="COMPLEXITY" missed="0" covered="1"/><counter type="METHOD" missed="0" covered="1"/></method><method name="isMaestroIIN" desc="(Ljava/lang/String;)Z" line="1394"><counter type="INSTRUCTION" missed="0" covered="4"/><counter type="LINE" missed="0" covered="1"/><counter type="COMPLEXITY" missed="0" covered="1"/><counter type="METHOD" missed="0" covered="1"/></method><method name="isMaestroIIN" desc="([B)Z" line="1404"><counter type="INSTRUCTION" missed="0" covered="4"/><counter type="LINE" missed="0" covered="1"/><counter type="COMPLEXITY" missed="0" covered="1"/><counter type="METHOD" missed="0" covered="1"/></method><method name="isMaestroValidLength" desc="(Ljava/lang/String;)Z" line="1414"><counter type="INSTRUCTION" missed="0" covered="4"/><counter type="LINE" missed="0" covered="1"/><counter type="COMPLEXITY" missed="0" covered="1"/><counter type="METHOD" missed="0" covered="1"/></method><method name="isMaestroValidLength" desc="([B)Z" line="1424"><counter type="INSTRUCTION" missed="0" covered="4"/><counter type="LINE" missed="0" covered="1"/><counter type="COMPLEXITY" missed="0" covered="1"/><counter type="METHOD" missed="0" covered="1"/></method><method name="isMastercardIIN" desc="(Ljava/lang/String;)Z" line="1434"><counter type="INSTRUCTION" missed="0" covered="4"/><counter type="LINE" missed="0" covered="1"/><counter type="COMPLEXITY" missed="0" covered="1"/><counter type="METHOD" missed="0" covered="1"/></method><method name="isMastercardIIN" desc="([B)Z" line="1444"><counter type="INSTRUCTION" missed="0" covered="4"/><counter type="LINE" missed="0" covered="1"/><counter type="COMPLEXITY" missed="0" covered="1"/><counter type="METHOD" missed="0" covered="1"/></method><method name="isMastercardValidLength" desc="(Ljava/lang/String;)Z" line="1454"><counter type="INSTRUCTION" missed="0" covered="4"/><counter type="LINE" missed="0" covered="1"/><counter type="COMPLEXITY" missed="0" covered="1"/><counter type="METHOD" missed="0" covered="1"/></method><method name="isMastercardValidLength" desc="([B)Z" line="1464"><counter type="INSTRUCTION" missed="0" covered="4"/><counter type="LINE" missed="0" covered="1"/><counter type="COMPLEXITY" missed="0" covered="1"/><counter type="METHOD" missed="0" covered="1"/></method><method name="isSoloIIN" desc="(Ljava/lang/String;)Z" line="1474"><counter type="INSTRUCTION" missed="0" covered="4"/><counter type="LINE" missed="0" covered="1"/><counter type="COMPLEXITY" missed="0" covered="1"/><counter type="METHOD" missed="0" covered="1"/></method><method name="isSoloIIN" desc="([B)Z" line="1484"><counter type="INSTRUCTION" missed="0" covered="4"/><counter type="LINE" missed="0" covered="1"/><counter type="COMPLEXITY" missed="0" covered="1"/><counter type="METHOD" missed="0" covered="1"/></method><method name="isSoloValidLength" desc="(Ljava/lang/String;)Z" line="1494"><counter type="INSTRUCTION" missed="0" covered="4"/><counter type="LINE" missed="0" covered="1"/><counter type="COMPLEXITY" missed="0" covered="1"/><counter type="METHOD" missed="0" covered="1"/></method><method name="isSoloValidLength" desc="([B)Z" line="1504"><counter type="INSTRUCTION" missed="0" covered="4"/><counter type="LINE" missed="0" covered="1"/><counter type="COMPLEXITY" missed="0" covered="1"/><counter type="METHOD" missed="0" covered="1"/></method><method name="isSwitchIIN" desc="(Ljava/lang/String;)Z" line="1514"><counter type="INSTRUCTION" missed="0" covered="4"/><counter type="LINE" missed="0" covered="1"/><counter type="COMPLEXITY" missed="0" covered="1"/><counter type="METHOD" missed="0" covered="1"/></method><method name="isSwitchIIN" desc="([B)Z" line="1524"><counter type="INSTRUCTION" missed="0" covered="4"/><counter type="LINE" missed="0" covered="1"/><counter type="COMPLEXITY" missed="0" covered="1"/><counter type="METHOD" missed="0" covered="1"/></method><method name="isSwitchValidLength" desc="(Ljava/lang/String;)Z" line="1534"><counter type="INSTRUCTION" missed="0" covered="4"/><counter type="LINE" missed="0" covered="1"/><counter type="COMPLEXITY" missed="0" covered="1"/><counter type="METHOD" missed="0" covered="1"/></method><method name="isSwitchValidLength" desc="([B)Z" line="1544"><counter type="INSTRUCTION" missed="0" covered="4"/><counter type="LINE" missed="0" covered="1"/><counter type="COMPLEXITY" missed="0" covered="1"/><counter type="METHOD" missed="0" covered="1"/></method><method name="isVISAIIN" desc="(Ljava/lang/String;)Z" line="1554"><counter type="INSTRUCTION" missed="0" covered="4"/><counter type="LINE" missed="0" covered="1"/><counter type="COMPLEXITY" missed="0" covered="1"/><counter type="METHOD" missed="0" covered="1"/></method><method name="isVISAIIN" desc="([B)Z" line="1564"><counter type="INSTRUCTION" missed="0" covered="4"/><counter type="LINE" missed="0" covered="1"/><counter type="COMPLEXITY" missed="0" covered="1"/><counter type="METHOD" missed="0" covered="1"/></method><method name="isVISAValidLength" desc="(Ljava/lang/String;)Z" line="1573"><counter type="INSTRUCTION" missed="0" covered="4"/><counter type="LINE" missed="0" covered="1"/><counter type="COMPLEXITY" missed="0" covered="1"/><counter type="METHOD" missed="0" covered="1"/></method><method name="isVISAValidLength" desc="([B)Z" line="1583"><counter type="INSTRUCTION" missed="0" covered="4"/><counter type="LINE" missed="0" covered="1"/><counter type="COMPLEXITY" missed="0" covered="1"/><counter type="METHOD" missed="0" covered="1"/></method><method name="isVISAElectronIIN" desc="(Ljava/lang/String;)Z" line="1594"><counter type="INSTRUCTION" missed="0" covered="4"/><counter type="LINE" missed="0" covered="1"/><counter type="COMPLEXITY" missed="0" covered="1"/><counter type="METHOD" missed="0" covered="1"/></method><method name="isVISAElectronIIN" desc="([B)Z" line="1605"><counter type="INSTRUCTION" missed="0" covered="4"/><counter type="LINE" missed="0" covered="1"/><counter type="COMPLEXITY" missed="0" covered="1"/><counter type="METHOD" missed="0" covered="1"/></method><method name="isVISAElectronValidLength" desc="(Ljava/lang/String;)Z" line="1615"><counter type="INSTRUCTION" missed="0" covered="4"/><counter type="LINE" missed="0" covered="1"/><counter type="COMPLEXITY" missed="0" covered="1"/><counter type="METHOD" missed="0" covered="1"/></method><method name="isVISAElectronValidLength" desc="([B)Z" line="1625"><counter type="INSTRUCTION" missed="0" covered="4"/><counter type="LINE" missed="0" covered="1"/><counter type="COMPLEXITY" missed="0" covered="1"/><counter type="METHOD" missed="0" covered="1"/></method><method name="isValidChecksumForPAN" desc="(Ljava/lang/String;)Z" line="1638"><counter type="INSTRUCTION" missed="0" covered="4"/><counter type="LINE" missed="0" covered="1"/><counter type="COMPLEXITY" missed="0" covered="1"/><counter type="METHOD" missed="0" covered="1"/></method><method name="isValidChecksumForPAN" desc="([B)Z" line="1651"><counter type="INSTRUCTION" missed="4" covered="30"/><counter type="BRANCH" missed="2" covered="4"/><counter type="LINE" missed="2" covered="7"/><counter type="COMPLEXITY" missed="2" covered="2"/><counter type="METHOD" missed="0" covered="1"/></method><method name="toDigits" desc="(Ljava/lang/String;)[B" line="1681"><counter type="INSTRUCTION" missed="0" covered="71"/><counter type="BRANCH" missed="0" covered="17"/><counter type="LINE" missed="0" covered="34"/><counter type="COMPLEXITY" missed="0" covered="14"/><counter type="METHOD" missed="0" covered="1"/></method><method name="isValidIIN" desc="(Ljava/lang/String;[[Ljava/lang/String;)Z" line="1748"><counter type="INSTRUCTION" missed="2" covered="9"/><counter type="BRANCH" missed="2" covered="2"/><counter type="LINE" missed="1" covered="2"/><counter type="COMPLEXITY" missed="2" covered="1"/><counter type="METHOD" missed="0" covered="1"/></method><method name="isValidIIN" desc="([B[[Ljava/lang/String;)Z" line="1763"><counter type="INSTRUCTION" missed="32" covered="152"/><counter type="BRANCH" missed="7" covered="23"/><counter type="LINE" missed="8" covered="31"/><counter type="COMPLEXITY" missed="6" covered="10"/><counter type="METHOD" missed="0" covered="1"/></method><method name="isValidLength" desc="(Ljava/lang/String;[[B)Z" line="1842"><counter type="INSTRUCTION" missed="2" covered="9"/><counter type="BRANCH" missed="2" covered="2"/><counter type="LINE" missed="1" covered="2"/><counter type="COMPLEXITY" missed="2" covered="1"/><counter type="METHOD" missed="0" covered="1"/></method><method name="isValidLength" desc="([B[[B)Z" line="1856"><counter type="INSTRUCTION" missed="2" covered="41"/><counter type="BRANCH" missed="2" covered="8"/><counter type="LINE" missed="1" covered="8"/><counter type="COMPLEXITY" missed="2" covered="4"/><counter type="METHOD" missed="0" covered="1"/></method><method name="numLeadingZeros" desc="(Ljava/lang/String;)I" line="1879"><counter type="INSTRUCTION" missed="4" covered="19"/><counter type="BRANCH" missed="2" covered="4"/><counter type="LINE" missed="2" covered="5"/><counter type="COMPLEXITY" missed="2" covered="2"/><counter type="METHOD" missed="0" covered="1"/></method><method name="computeCheck" desc="([B)B" line="1902"><counter type="INSTRUCTION" missed="0" covered="78"/><counter type="BRANCH" missed="0" covered="6"/><counter type="LINE" missed="0" covered="12"/><counter type="COMPLEXITY" missed="0" covered="4"/><counter type="METHOD" missed="0" covered="1"/></method><method name="groupingsForNetwork" desc="(Lcom/irurueta/commons/validators/CreditCardNetwork;)[[B" line="1934"><counter type="INSTRUCTION" missed="0" covered="25"/><counter type="BRANCH" missed="0" covered="10"/><counter type="LINE" missed="0" covered="11"/><counter type="COMPLEXITY" missed="0" covered="9"/><counter type="METHOD" missed="0" covered="1"/></method><method name="getNumberOfGroupsForNetwork" desc="(Lcom/irurueta/commons/validators/CreditCardNetwork;)I" line="1966"><counter type="INSTRUCTION" missed="0" covered="6"/><counter type="LINE" missed="0" covered="2"/><counter type="COMPLEXITY" missed="0" covered="1"/><counter type="METHOD" missed="0" covered="1"/></method><method name="getMinDigitsForGroupAndNetwork" desc="(ILcom/irurueta/commons/validators/CreditCardNetwork;)I" line="1982"><counter type="INSTRUCTION" missed="0" covered="25"/><counter type="BRANCH" missed="0" covered="4"/><counter type="LINE" missed="0" covered="7"/><counter type="COMPLEXITY" missed="0" covered="3"/><counter type="METHOD" missed="0" covered="1"/></method><method name="getMaxDigitsForGroupAndNetwork" desc="(ILcom/irurueta/commons/validators/CreditCardNetwork;)I" line="2007"><counter type="INSTRUCTION" missed="0" covered="25"/><counter type="BRANCH" missed="0" covered="4"/><counter type="LINE" missed="0" covered="7"/><counter type="COMPLEXITY" missed="0" covered="3"/><counter type="METHOD" missed="0" covered="1"/></method><method name="&lt;clinit&gt;" desc="()V" line="245"><counter type="INSTRUCTION" missed="0" covered="1388"/><counter type="LINE" missed="0" covered="42"/><counter type="COMPLEXITY" missed="0" covered="1"/><counter type="METHOD" missed="0" covered="1"/></method><counter type="INSTRUCTION" missed="46" covered="2466"/><counter type="BRANCH" missed="19" covered="192"/><counter type="LINE" missed="15" covered="353"/><counter type="COMPLEXITY" missed="18" covered="214"/><counter type="METHOD" missed="0" covered="95"/><counter type="CLASS" missed="0" covered="1"/></class><class name="com/irurueta/commons/validators/CreditCardNetwork" sourcefilename="CreditCardNetwork.java"><method name="&lt;clinit&gt;" desc="()V" line="21"><counter type="INSTRUCTION" missed="0" covered="184"/><counter type="LINE" missed="0" covered="19"/><counter type="COMPLEXITY" missed="0" covered="1"/><counter type="METHOD" missed="0" covered="1"/></method><counter type="INSTRUCTION" missed="0" covered="184"/><counter type="LINE" missed="0" covered="19"/><counter type="COMPLEXITY" missed="0" covered="1"/><counter type="METHOD" missed="0" covered="1"/><counter type="CLASS" missed="0" covered="1"/></class><class name="com/irurueta/commons/validators/RFCValidator" sourcefilename="RFCValidator.java"><method name="&lt;init&gt;" desc="()V" line="31"><counter type="INSTRUCTION" missed="0" covered="3"/><counter type="LINE" missed="0" covered="1"/><counter type="COMPLEXITY" missed="0" covered="1"/><counter type="METHOD" missed="0" covered="1"/></method><method name="isValid" desc="(Ljava/lang/String;)Z" line="39"><counter type="INSTRUCTION" missed="0" covered="10"/><counter type="BRANCH" missed="0" covered="4"/><counter type="LINE" missed="0" covered="1"/><counter type="COMPLEXITY" missed="0" covered="3"/><counter type="METHOD" missed="0" covered="1"/></method><counter type="INSTRUCTION" missed="0" covered="13"/><counter type="BRANCH" missed="0" covered="4"/><counter type="LINE" missed="0" covered="2"/><counter type="COMPLEXITY" missed="0" covered="4"/><counter type="METHOD" missed="0" covered="2"/><counter type="CLASS" missed="0" covered="1"/></class><class name="com/irurueta/commons/validators/EmailValidator" sourcefilename="EmailValidator.java"><method name="&lt;init&gt;" desc="()V" line="47"><counter type="INSTRUCTION" missed="0" covered="7"/><counter type="LINE" missed="0" covered="3"/><counter type="COMPLEXITY" missed="0" covered="1"/><counter type="METHOD" missed="0" covered="1"/></method><method name="getInstance" desc="()Lcom/irurueta/commons/validators/EmailValidator;" line="57"><counter type="INSTRUCTION" missed="0" covered="19"/><counter type="BRANCH" missed="1" covered="3"/><counter type="LINE" missed="0" covered="4"/><counter type="COMPLEXITY" missed="1" covered="2"/><counter type="METHOD" missed="0" covered="1"/></method><method name="isValid" desc="(Ljava/lang/String;)Z" line="71"><counter type="INSTRUCTION" missed="0" covered="12"/><counter type="BRANCH" missed="0" covered="4"/><counter type="LINE" missed="0" covered="1"/><counter type="COMPLEXITY" missed="0" covered="3"/><counter type="METHOD" missed="0" covered="1"/></method><counter type="INSTRUCTION" missed="0" covered="38"/><counter type="BRANCH" missed="1" covered="7"/><counter type="LINE" missed="0" covered="8"/><counter type="COMPLEXITY" missed="1" covered="6"/><counter type="METHOD" missed="0" covered="3"/><counter type="CLASS" missed="0" covered="1"/></class><class name="com/irurueta/commons/validators/ZipCodeValidator" sourcefilename="ZipCodeValidator.java"><method name="&lt;init&gt;" desc="()V" line="202"><counter type="INSTRUCTION" missed="0" covered="194"/><counter type="LINE" missed="0" covered="34"/><counter type="COMPLEXITY" missed="0" covered="1"/><counter type="METHOD" missed="0" covered="1"/></method><method name="&lt;init&gt;" desc="(Ljava/lang/String;)V" line="242"><counter type="INSTRUCTION" missed="0" covered="6"/><counter type="LINE" missed="0" covered="3"/><counter type="COMPLEXITY" missed="0" covered="1"/><counter type="METHOD" missed="0" covered="1"/></method><method name="&lt;init&gt;" desc="(Ljava/util/Locale;)V" line="251"><counter type="INSTRUCTION" missed="0" covered="6"/><counter type="LINE" missed="0" covered="3"/><counter type="COMPLEXITY" missed="0" covered="1"/><counter type="METHOD" missed="0" covered="1"/></method><method name="getCountryCode" desc="()Ljava/lang/String;" line="260"><counter type="INSTRUCTION" missed="0" covered="3"/><counter type="LINE" missed="0" covered="1"/><counter type="COMPLEXITY" missed="0" covered="1"/><counter type="METHOD" missed="0" covered="1"/></method><method name="setCountryCode" desc="(Ljava/lang/String;)V" line="268"><counter type="INSTRUCTION" missed="0" covered="6"/><counter type="LINE" missed="0" covered="3"/><counter type="COMPLEXITY" missed="0" covered="1"/><counter type="METHOD" missed="0" covered="1"/></method><method name="setCountryCodeFrom" desc="(Ljava/util/Locale;)V" line="277"><counter type="INSTRUCTION" missed="1" covered="10"/><counter type="BRANCH" missed="1" covered="1"/><counter type="LINE" missed="0" covered="3"/><counter type="COMPLEXITY" missed="1" covered="1"/><counter type="METHOD" missed="0" covered="1"/></method><method name="isValid" desc="(Ljava/lang/String;)Z" line="288"><counter type="INSTRUCTION" missed="0" covered="15"/><counter type="BRANCH" missed="0" covered="6"/><counter type="LINE" missed="0" covered="1"/><counter type="COMPLEXITY" missed="0" covered="4"/><counter type="METHOD" missed="0" covered="1"/></method><method name="buildPattern" desc="()V" line="295"><counter type="INSTRUCTION" missed="0" covered="20"/><counter type="BRANCH" missed="0" covered="4"/><counter type="LINE" missed="0" covered="6"/><counter type="COMPLEXITY" missed="0" covered="3"/><counter type="METHOD" missed="0" covered="1"/></method><counter type="INSTRUCTION" missed="1" covered="260"/><counter type="BRANCH" missed="1" covered="11"/><counter type="LINE" missed="0" covered="54"/><counter type="COMPLEXITY" missed="1" covered="13"/><counter type="METHOD" missed="0" covered="8"/><counter type="CLASS" missed="0" covered="1"/></class><class name="com/irurueta/commons/validators/NIFValidator$Validador" sourcefilename="NIFValidator.java"><method name="checkNif" desc="(Ljava/lang/String;)I" line="255"><counter type="INSTRUCTION" missed="0" covered="12"/><counter type="BRANCH" missed="1" covered="3"/><counter type="LINE" missed="0" covered="1"/><counter type="COMPLEXITY" missed="1" covered="2"/><counter type="METHOD" missed="0" covered="1"/></method><method name="vNif" desc="(Ljava/lang/String;)I" line="261"><counter type="INSTRUCTION" missed="230" covered="310"/><counter type="BRANCH" missed="84" covered="64"/><counter type="LINE" missed="45" covered="58"/><counter type="COMPLEXITY" missed="56" covered="19"/><counter type="METHOD" missed="0" covered="1"/></method><method name="caracEnCad" desc="([CC)Z" line="425"><counter type="INSTRUCTION" missed="0" covered="26"/><counter type="BRANCH" missed="0" covered="4"/><counter type="LINE" missed="0" covered="6"/><counter type="COMPLEXITY" missed="0" covered="3"/><counter type="METHOD" missed="0" covered="1"/></method><method name="&lt;clinit&gt;" desc="()V" line="239"><counter type="INSTRUCTION" missed="0" covered="464"/><counter type="LINE" missed="0" covered="9"/><counter type="COMPLEXITY" missed="0" covered="1"/><counter type="METHOD" missed="0" covered="1"/></method><counter type="INSTRUCTION" missed="230" covered="812"/><counter type="BRANCH" missed="85" covered="71"/><counter type="LINE" missed="45" covered="74"/><counter type="COMPLEXITY" missed="57" covered="25"/><counter type="METHOD" missed="0" covered="4"/><counter type="CLASS" missed="0" covered="1"/></class><class name="com/irurueta/commons/validators/NIFValidator" sourcefilename="NIFValidator.java"><method name="&lt;init&gt;" desc="()V" line="37"><counter type="INSTRUCTION" missed="0" covered="3"/><counter type="LINE" missed="0" covered="1"/><counter type="COMPLEXITY" missed="0" covered="1"/><counter type="METHOD" missed="0" covered="1"/></method><method name="isValid" desc="(Ljava/lang/String;)Z" line="45"><counter type="INSTRUCTION" missed="0" covered="32"/><counter type="BRANCH" missed="5" covered="11"/><counter type="LINE" missed="0" covered="7"/><counter type="COMPLEXITY" missed="5" covered="4"/><counter type="METHOD" missed="0" covered="1"/></method><method name="isValidDNI" desc="(Ljava/lang/String;)Z" line="61"><counter type="INSTRUCTION" missed="0" covered="5"/><counter type="LINE" missed="0" covered="1"/><counter type="COMPLEXITY" missed="0" covered="1"/><counter type="METHOD" missed="0" covered="1"/></method><method name="isValidDNICode" desc="(I)Z" line="70"><counter type="INSTRUCTION" missed="2" covered="4"/><counter type="BRANCH" missed="1" covered="1"/><counter type="LINE" missed="0" covered="1"/><counter type="COMPLEXITY" missed="1" covered="1"/><counter type="METHOD" missed="0" covered="1"/></method><method name="isValidNIF" desc="(Ljava/lang/String;)Z" line="80"><counter type="INSTRUCTION" missed="0" covered="5"/><counter type="LINE" missed="0" covered="1"/><counter type="COMPLEXITY" missed="0" covered="1"/><counter type="METHOD" missed="0" covered="1"/></method><method name="isValidNIFCode" desc="(I)Z" line="90"><counter type="INSTRUCTION" missed="0" covered="7"/><counter type="BRANCH" missed="0" covered="2"/><counter type="LINE" missed="0" covered="1"/><counter type="COMPLEXITY" missed="0" covered="2"/><counter type="METHOD" missed="0" covered="1"/></method><method name="isValidNIFNonResidents" desc="(Ljava/lang/String;)Z" line="100"><counter type="INSTRUCTION" missed="0" covered="5"/><counter type="LINE" missed="0" covered="1"/><counter type="COMPLEXITY" missed="0" covered="1"/><counter type="METHOD" missed="0" covered="1"/></method><method name="isValidNIFNonResidentsCode" desc="(I)Z" line="110"><counter type="INSTRUCTION" missed="2" covered="5"/><counter type="BRANCH" missed="1" covered="1"/><counter type="LINE" missed="0" covered="1"/><counter type="COMPLEXITY" missed="1" covered="1"/><counter type="METHOD" missed="0" covered="1"/></method><method name="isValidNIFMinors" desc="(Ljava/lang/String;)Z" line="120"><counter type="INSTRUCTION" missed="0" covered="5"/><counter type="LINE" missed="0" covered="1"/><counter type="COMPLEXITY" missed="0" covered="1"/><counter type="METHOD" missed="0" covered="1"/></method><method name="isValidNIFMinorsCode" desc="(I)Z" line="131"><counter type="INSTRUCTION" missed="2" covered="5"/><counter type="BRANCH" missed="1" covered="1"/><counter type="LINE" missed="0" covered="1"/><counter type="COMPLEXITY" missed="1" covered="1"/><counter type="METHOD" missed="0" covered="1"/></method><method name="isValidNIE" desc="(Ljava/lang/String;)Z" line="141"><counter type="INSTRUCTION" missed="0" covered="5"/><counter type="LINE" missed="0" covered="1"/><counter type="COMPLEXITY" missed="0" covered="1"/><counter type="METHOD" missed="0" covered="1"/></method><method name="isValidNIECode" desc="(I)Z" line="151"><counter type="INSTRUCTION" missed="0" covered="7"/><counter type="BRANCH" missed="0" covered="2"/><counter type="LINE" missed="0" covered="1"/><counter type="COMPLEXITY" missed="0" covered="2"/><counter type="METHOD" missed="0" covered="1"/></method><method name="isValidCIF" desc="(Ljava/lang/String;)Z" line="161"><counter type="INSTRUCTION" missed="0" covered="5"/><counter type="LINE" missed="0" covered="1"/><counter type="COMPLEXITY" missed="0" covered="1"/><counter type="METHOD" missed="0" covered="1"/></method><method name="isValidCIFCode" desc="(I)Z" line="171"><counter type="INSTRUCTION" missed="0" covered="7"/><counter type="BRANCH" missed="0" covered="2"/><counter type="LINE" missed="0" covered="1"/><counter type="COMPLEXITY" missed="0" covered="2"/><counter type="METHOD" missed="0" covered="1"/></method><method name="isValidCIFOrganization" desc="(Ljava/lang/String;)Z" line="181"><counter type="INSTRUCTION" missed="5" covered="0"/><counter type="LINE" missed="1" covered="0"/><counter type="COMPLEXITY" missed="1" covered="0"/><counter type="METHOD" missed="1" covered="0"/></method><method name="isValidCIFOrganizationCode" desc="(I)Z" line="192"><counter type="INSTRUCTION" missed="2" covered="5"/><counter type="BRANCH" missed="1" covered="1"/><counter type="LINE" missed="0" covered="1"/><counter type="COMPLEXITY" missed="1" covered="1"/><counter type="METHOD" missed="0" covered="1"/></method><method name="isValidCIFNonResidents" desc="(Ljava/lang/String;)Z" line="202"><counter type="INSTRUCTION" missed="5" covered="0"/><counter type="LINE" missed="1" covered="0"/><counter type="COMPLEXITY" missed="1" covered="0"/><counter type="METHOD" missed="1" covered="0"/></method><method name="isValidCIFNonResidentsCode" desc="(I)Z" line="212"><counter type="INSTRUCTION" missed="2" covered="5"/><counter type="BRANCH" missed="1" covered="1"/><counter type="LINE" missed="0" covered="1"/><counter type="COMPLEXITY" missed="1" covered="1"/><counter type="METHOD" missed="0" covered="1"/></method><method name="getOrCreateValidador" desc="()Lcom/irurueta/commons/validators/NIFValidator$Validador;" line="221"><counter type="INSTRUCTION" missed="0" covered="17"/><counter type="BRANCH" missed="1" covered="3"/><counter type="LINE" missed="0" covered="3"/><counter type="COMPLEXITY" missed="1" covered="2"/><counter type="METHOD" missed="0" covered="1"/></method><counter type="INSTRUCTION" missed="20" covered="127"/><counter type="BRANCH" missed="11" covered="25"/><counter type="LINE" missed="2" covered="25"/><counter type="COMPLEXITY" missed="13" covered="24"/><counter type="METHOD" missed="2" covered="17"/><counter type="CLASS" missed="0" covered="1"/></class><sourcefile name="ZipCodeValidator.java"><line nr="202" mi="0" ci="2" mb="0" cb="0"/><line nr="203" mi="0" ci="5" mb="0" cb="0"/><line nr="204" mi="0" ci="6" mb="0" cb="0"/><line nr="205" mi="0" ci="6" mb="0" cb="0"/><line nr="206" mi="0" ci="6" mb="0" cb="0"/><line nr="207" mi="0" ci="6" mb="0" cb="0"/><line nr="208" mi="0" ci="6" mb="0" cb="0"/><line nr="209" mi="0" ci="6" mb="0" cb="0"/><line nr="210" mi="0" ci="6" mb="0" cb="0"/><line nr="211" mi="0" ci="6" mb="0" cb="0"/><line nr="212" mi="0" ci="6" mb="0" cb="0"/><line nr="213" mi="0" ci="6" mb="0" cb="0"/><line nr="214" mi="0" ci="6" mb="0" cb="0"/><line nr="215" mi="0" ci="6" mb="0" cb="0"/><line nr="216" mi="0" ci="6" mb="0" cb="0"/><line nr="217" mi="0" ci="6" mb="0" cb="0"/><line nr="218" mi="0" ci="6" mb="0" cb="0"/><line nr="219" mi="0" ci="6" mb="0" cb="0"/><line nr="220" mi="0" ci="6" mb="0" cb="0"/><line nr="221" mi="0" ci="6" mb="0" cb="0"/><line nr="222" mi="0" ci="6" mb="0" cb="0"/><line nr="223" mi="0" ci="6" mb="0" cb="0"/><line nr="224" mi="0" ci="6" mb="0" cb="0"/><line nr="225" mi="0" ci="6" mb="0" cb="0"/><line nr="226" mi="0" ci="6" mb="0" cb="0"/><line nr="227" mi="0" ci="6" mb="0" cb="0"/><line nr="228" mi="0" ci="6" mb="0" cb="0"/><line nr="229" mi="0" ci="6" mb="0" cb="0"/><line nr="230" mi="0" ci="6" mb="0" cb="0"/><line nr="231" mi="0" ci="6" mb="0" cb="0"/><line nr="232" mi="0" ci="6" mb="0" cb="0"/><line nr="233" mi="0" ci="6" mb="0" cb="0"/><line nr="234" mi="0" ci="6" mb="0" cb="0"/><line nr="235" mi="0" ci="1" mb="0" cb="0"/><line nr="242" mi="0" ci="2" mb="0" cb="0"/><line nr="243" mi="0" ci="3" mb="0" cb="0"/><line nr="244" mi="0" ci="1" mb="0" cb="0"/><line nr="251" mi="0" ci="2" mb="0" cb="0"/><line nr="252" mi="0" ci="3" mb="0" cb="0"/><line nr="253" mi="0" ci="1" mb="0" cb="0"/><line nr="260" mi="0" ci="3" mb="0" cb="0"/><line nr="268" mi="0" ci="3" mb="0" cb="0"/><line nr="269" mi="0" ci="2" mb="0" cb="0"/><line nr="270" mi="0" ci="1" mb="0" cb="0"/><line nr="277" mi="1" ci="7" mb="1" cb="1"/><line nr="278" mi="0" ci="2" mb="0" cb="0"/><line nr="279" mi="0" ci="1" mb="0" cb="0"/><line nr="288" mi="0" ci="15" mb="0" cb="6"/><line nr="295" mi="0" ci="3" mb="0" cb="0"/><line nr="297" mi="0" ci="3" mb="0" cb="2"/><line nr="298" mi="0" ci="7" mb="0" cb="0"/><line nr="299" mi="0" ci="2" mb="0" cb="2"/><line nr="300" mi="0" ci="4" mb="0" cb="0"/><line nr="303" mi="0" ci="1" mb="0" cb="0"/><counter type="INSTRUCTION" missed="1" covered="260"/><counter type="BRANCH" missed="1" covered="11"/><counter type="LINE" missed="0" covered="54"/><counter type="COMPLEXITY" missed="1" covered="13"/><counter type="METHOD" missed="0" covered="8"/><counter type="CLASS" missed="0" covered="1"/></sourcefile><sourcefile name="RFCValidator.java"><line nr="31" mi="0" ci="3" mb="0" cb="0"/><line nr="39" mi="0" ci="10" mb="0" cb="4"/><counter type="INSTRUCTION" missed="0" covered="13"/><counter type="BRANCH" missed="0" covered="4"/><counter type="LINE" missed="0" covered="2"/><counter type="COMPLEXITY" missed="0" covered="4"/><counter type="METHOD" missed="0" covered="2"/><counter type="CLASS" missed="0" covered="1"/></sourcefile><sourcefile name="EmailValidator.java"><line nr="47" mi="0" ci="2" mb="0" cb="0"/><line nr="48" mi="0" ci="4" mb="0" cb="0"/><line nr="49" mi="0" ci="1" mb="0" cb="0"/><line nr="57" mi="0" ci="8" mb="1" cb="3"/><line nr="58" mi="0" ci="4" mb="0" cb="0"/><line nr="59" mi="0" ci="5" mb="0" cb="0"/><line nr="61" mi="0" ci="2" mb="0" cb="0"/><line nr="71" mi="0" ci="12" mb="0" cb="4"/><counter type="INSTRUCTION" missed="0" covered="38"/><counter type="BRANCH" missed="1" covered="7"/><counter type="LINE" missed="0" covered="8"/><counter type="COMPLEXITY" missed="1" covered="6"/><counter type="METHOD" missed="0" covered="3"/><counter type="CLASS" missed="0" covered="1"/></sourcefile><sourcefile name="CreditCardValidator.java"><line nr="245" mi="0" ci="29" mb="0" cb="0"/><line nr="253" mi="0" ci="16" mb="0" cb="0"/><line nr="260" mi="0" ci="42" mb="0" cb="0"/><line nr="269" mi="0" ci="29" mb="0" cb="0"/><line nr="277" mi="0" ci="16" mb="0" cb="0"/><line nr="284" mi="0" ci="16" mb="0" cb="0"/><line nr="291" mi="0" ci="16" mb="0" cb="0"/><line nr="298" mi="0" ci="16" mb="0" cb="0"/><line nr="305" mi="0" ci="16" mb="0" cb="0"/><line nr="312" mi="0" ci="29" mb="0" cb="0"/><line nr="320" mi="0" ci="16" mb="0" cb="0"/><line nr="327" mi="0" ci="42" mb="0" cb="0"/><line nr="336" mi="0" ci="16" mb="0" cb="0"/><line nr="343" mi="0" ci="16" mb="0" cb="0"/><line nr="351" mi="0" ci="42" mb="0" cb="0"/><line nr="359" mi="0" ci="16" mb="0" cb="0"/><line nr="366" mi="0" ci="16" mb="0" cb="0"/><line nr="373" mi="0" ci="55" mb="0" cb="0"/><line nr="383" mi="0" ci="16" mb="0" cb="0"/><line nr="391" mi="0" ci="55" mb="0" cb="0"/><line nr="401" mi="0" ci="16" mb="0" cb="0"/><line nr="408" mi="0" ci="16" mb="0" cb="0"/><line nr="415" mi="0" ci="16" mb="0" cb="0"/><line nr="422" mi="0" ci="16" mb="0" cb="0"/><line nr="429" mi="0" ci="55" mb="0" cb="0"/><line nr="439" mi="0" ci="16" mb="0" cb="0"/><line nr="446" mi="0" ci="107" mb="0" cb="0"/><line nr="460" mi="0" ci="16" mb="0" cb="0"/><line nr="467" mi="0" ci="29" mb="0" cb="0"/><line nr="475" mi="0" ci="16" mb="0" cb="0"/><line nr="482" mi="0" ci="55" mb="0" cb="0"/><line nr="492" mi="0" ci="29" mb="0" cb="0"/><line nr="500" mi="0" ci="29" mb="0" cb="0"/><line nr="508" mi="0" ci="107" mb="0" cb="0"/><line nr="522" mi="0" ci="29" mb="0" cb="0"/><line nr="530" mi="0" ci="16" mb="0" cb="0"/><line nr="537" mi="0" ci="29" mb="0" cb="0"/><line nr="545" mi="0" ci="55" mb="0" cb="0"/><line nr="555" mi="0" ci="94" mb="0" cb="0"/><line nr="568" mi="0" ci="16" mb="0" cb="0"/><line nr="575" mi="0" ci="55" mb="0" cb="0"/><line nr="585" mi="0" ci="56" mb="0" cb="0"/><line nr="595" mi="0" ci="3" mb="0" cb="0"/><line nr="605" mi="0" ci="4" mb="0" cb="0"/><line nr="616" mi="0" ci="5" mb="0" cb="4"/><line nr="617" mi="0" ci="2" mb="0" cb="0"/><line nr="619" mi="0" ci="4" mb="0" cb="0"/><line nr="621" mi="0" ci="16" mb="0" cb="8"/><line nr="631" mi="0" ci="2" mb="0" cb="2"/><line nr="632" mi="0" ci="2" mb="0" cb="0"/><line nr="635" mi="0" ci="5" mb="0" cb="18"/><line nr="637" mi="0" ci="2" mb="0" cb="0"/><line nr="639" mi="0" ci="2" mb="0" cb="0"/><line nr="641" mi="0" ci="2" mb="0" cb="0"/><line nr="643" mi="0" ci="2" mb="0" cb="0"/><line nr="645" mi="0" ci="2" mb="0" cb="0"/><line nr="647" mi="0" ci="2" mb="0" cb="0"/><line nr="649" mi="0" ci="2" mb="0" cb="0"/><line nr="651" mi="0" ci="2" mb="0" cb="0"/><line nr="653" mi="0" ci="2" mb="0" cb="0"/><line nr="655" mi="0" ci="2" mb="0" cb="0"/><line nr="657" mi="0" ci="2" mb="0" cb="0"/><line nr="659" mi="0" ci="2" mb="0" cb="0"/><line nr="661" mi="0" ci="2" mb="0" cb="0"/><line nr="663" mi="0" ci="2" mb="0" cb="0"/><line nr="665" mi="0" ci="2" mb="0" cb="0"/><line nr="667" mi="0" ci="2" mb="0" cb="0"/><line nr="669" mi="0" ci="2" mb="0" cb="0"/><line nr="672" mi="0" ci="2" mb="0" cb="0"/><line nr="684" mi="0" ci="2" mb="0" cb="2"/><line nr="685" mi="0" ci="2" mb="0" cb="0"/><line nr="688" mi="0" ci="5" mb="0" cb="18"/><line nr="690" mi="0" ci="2" mb="0" cb="0"/><line nr="692" mi="0" ci="2" mb="0" cb="0"/><line nr="694" mi="0" ci="2" mb="0" cb="0"/><line nr="696" mi="0" ci="2" mb="0" cb="0"/><line nr="698" mi="0" ci="2" mb="0" cb="0"/><line nr="700" mi="0" ci="2" mb="0" cb="0"/><line nr="702" mi="0" ci="2" mb="0" cb="0"/><line nr="704" mi="0" ci="2" mb="0" cb="0"/><line nr="706" mi="0" ci="2" mb="0" cb="0"/><line nr="708" mi="0" ci="2" mb="0" cb="0"/><line nr="710" mi="0" ci="2" mb="0" cb="0"/><line nr="712" mi="0" ci="2" mb="0" cb="0"/><line nr="714" mi="0" ci="2" mb="0" cb="0"/><line nr="716" mi="0" ci="2" mb="0" cb="0"/><line nr="718" mi="0" ci="2" mb="0" cb="0"/><line nr="720" mi="0" ci="2" mb="0" cb="0"/><line nr="722" mi="0" ci="2" mb="0" cb="0"/><line nr="725" mi="0" ci="2" mb="0" cb="0"/><line nr="738" mi="0" ci="4" mb="0" cb="0"/><line nr="750" mi="0" ci="3" mb="0" cb="2"/><line nr="751" mi="0" ci="2" mb="0" cb="0"/><line nr="753" mi="0" ci="3" mb="0" cb="2"/><line nr="754" mi="0" ci="2" mb="0" cb="0"/><line nr="756" mi="0" ci="3" mb="0" cb="2"/><line nr="757" mi="0" ci="2" mb="0" cb="0"/><line nr="759" mi="0" ci="3" mb="0" cb="2"/><line nr="760" mi="0" ci="2" mb="0" cb="0"/><line nr="762" mi="0" ci="3" mb="0" cb="2"/><line nr="763" mi="0" ci="2" mb="0" cb="0"/><line nr="765" mi="0" ci="3" mb="0" cb="2"/><line nr="766" mi="0" ci="2" mb="0" cb="0"/><line nr="768" mi="0" ci="3" mb="0" cb="2"/><line nr="769" mi="0" ci="2" mb="0" cb="0"/><line nr="772" mi="0" ci="3" mb="0" cb="2"/><line nr="773" mi="0" ci="2" mb="0" cb="0"/><line nr="775" mi="0" ci="3" mb="0" cb="2"/><line nr="776" mi="0" ci="2" mb="0" cb="0"/><line nr="778" mi="0" ci="3" mb="0" cb="2"/><line nr="779" mi="0" ci="2" mb="0" cb="0"/><line nr="781" mi="0" ci="3" mb="0" cb="2"/><line nr="782" mi="0" ci="2" mb="0" cb="0"/><line nr="784" mi="0" ci="3" mb="0" cb="2"/><line nr="785" mi="0" ci="2" mb="0" cb="0"/><line nr="787" mi="0" ci="3" mb="0" cb="2"/><line nr="788" mi="0" ci="2" mb="0" cb="0"/><line nr="790" mi="0" ci="3" mb="0" cb="2"/><line nr="791" mi="0" ci="2" mb="0" cb="0"/><line nr="793" mi="0" ci="3" mb="0" cb="2"/><line nr="794" mi="0" ci="2" mb="0" cb="0"/><line nr="797" mi="0" ci="3" mb="0" cb="2"/><line nr="798" mi="0" ci="2" mb="0" cb="0"/><line nr="800" mi="0" ci="3" mb="0" cb="2"/><line nr="801" mi="0" ci="2" mb="0" cb="0"/><line nr="803" mi="0" ci="2" mb="0" cb="0"/><line nr="813" mi="0" ci="4" mb="0" cb="0"/><line nr="825" mi="0" ci="5" mb="0" cb="0"/><line nr="837" mi="0" ci="5" mb="0" cb="0"/><line nr="850" mi="0" ci="2" mb="0" cb="2"/><line nr="851" mi="0" ci="2" mb="0" cb="0"/><line nr="854" mi="0" ci="5" mb="0" cb="18"/><line nr="856" mi="0" ci="3" mb="0" cb="0"/><line nr="858" mi="0" ci="3" mb="0" cb="0"/><line nr="860" mi="0" ci="3" mb="0" cb="0"/><line nr="862" mi="0" ci="3" mb="0" cb="0"/><line nr="864" mi="0" ci="3" mb="0" cb="0"/><line nr="866" mi="0" ci="3" mb="0" cb="0"/><line nr="868" mi="0" ci="3" mb="0" cb="0"/><line nr="870" mi="0" ci="3" mb="0" cb="0"/><line nr="872" mi="0" ci="3" mb="0" cb="0"/><line nr="874" mi="0" ci="3" mb="0" cb="0"/><line nr="876" mi="0" ci="3" mb="0" cb="0"/><line nr="878" mi="0" ci="3" mb="0" cb="0"/><line nr="880" mi="0" ci="3" mb="0" cb="0"/><line nr="882" mi="0" ci="3" mb="0" cb="0"/><line nr="884" mi="0" ci="3" mb="0" cb="0"/><line nr="886" mi="0" ci="3" mb="0" cb="0"/><line nr="888" mi="0" ci="3" mb="0" cb="0"/><line nr="891" mi="0" ci="2" mb="0" cb="0"/><line nr="903" mi="0" ci="4" mb="0" cb="0"/><line nr="914" mi="0" ci="3" mb="0" cb="0"/><line nr="915" mi="0" ci="4" mb="0" cb="0"/><line nr="916" mi="0" ci="5" mb="2" cb="2"/><line nr="917" mi="0" ci="3" mb="0" cb="0"/><line nr="919" mi="0" ci="2" mb="0" cb="0"/><line nr="930" mi="0" ci="4" mb="0" cb="0"/><line nr="941" mi="0" ci="4" mb="0" cb="0"/><line nr="951" mi="0" ci="4" mb="0" cb="0"/><line nr="961" mi="0" ci="4" mb="0" cb="0"/><line nr="971" mi="0" ci="4" mb="0" cb="0"/><line nr="981" mi="0" ci="4" mb="0" cb="0"/><line nr="991" mi="0" ci="4" mb="0" cb="0"/><line nr="1001" mi="0" ci="4" mb="0" cb="0"/><line nr="1012" mi="0" ci="4" mb="0" cb="0"/><line nr="1023" mi="0" ci="4" mb="0" cb="0"/><line nr="1033" mi="0" ci="4" mb="0" cb="0"/><line nr="1043" mi="0" ci="4" mb="0" cb="0"/><line nr="1054" mi="0" ci="4" mb="0" cb="0"/><line nr="1065" mi="0" ci="4" mb="0" cb="0"/><line nr="1076" mi="0" ci="4" mb="0" cb="0"/><line nr="1088" mi="0" ci="4" mb="0" cb="0"/><line nr="1099" mi="0" ci="4" mb="0" cb="0"/><line nr="1110" mi="0" ci="4" mb="0" cb="0"/><line nr="1121" mi="0" ci="4" mb="0" cb="0"/><line nr="1132" mi="0" ci="4" mb="0" cb="0"/><line nr="1143" mi="0" ci="4" mb="0" cb="0"/><line nr="1154" mi="0" ci="4" mb="0" cb="0"/><line nr="1165" mi="0" ci="4" mb="0" cb="0"/><line nr="1177" mi="0" ci="4" mb="0" cb="0"/><line nr="1188" mi="0" ci="4" mb="0" cb="0"/><line nr="1199" mi="0" ci="4" mb="0" cb="0"/><line nr="1210" mi="0" ci="4" mb="0" cb="0"/><line nr="1222" mi="0" ci="4" mb="0" cb="0"/><line nr="1232" mi="0" ci="4" mb="0" cb="0"/><line nr="1242" mi="0" ci="4" mb="0" cb="0"/><line nr="1252" mi="0" ci="4" mb="0" cb="0"/><line nr="1262" mi="0" ci="4" mb="0" cb="0"/><line nr="1273" mi="0" ci="4" mb="0" cb="0"/><line nr="1284" mi="0" ci="4" mb="0" cb="0"/><line nr="1294" mi="0" ci="4" mb="0" cb="0"/><line nr="1304" mi="0" ci="4" mb="0" cb="0"/><line nr="1314" mi="0" ci="4" mb="0" cb="0"/><line nr="1324" mi="0" ci="4" mb="0" cb="0"/><line nr="1334" mi="0" ci="4" mb="0" cb="0"/><line nr="1344" mi="0" ci="4" mb="0" cb="0"/><line nr="1354" mi="0" ci="4" mb="0" cb="0"/><line nr="1364" mi="0" ci="4" mb="0" cb="0"/><line nr="1374" mi="0" ci="4" mb="0" cb="0"/><line nr="1384" mi="0" ci="4" mb="0" cb="0"/><line nr="1394" mi="0" ci="4" mb="0" cb="0"/><line nr="1404" mi="0" ci="4" mb="0" cb="0"/><line nr="1414" mi="0" ci="4" mb="0" cb="0"/><line nr="1424" mi="0" ci="4" mb="0" cb="0"/><line nr="1434" mi="0" ci="4" mb="0" cb="0"/><line nr="1444" mi="0" ci="4" mb="0" cb="0"/><line nr="1454" mi="0" ci="4" mb="0" cb="0"/><line nr="1464" mi="0" ci="4" mb="0" cb="0"/><line nr="1474" mi="0" ci="4" mb="0" cb="0"/><line nr="1484" mi="0" ci="4" mb="0" cb="0"/><line nr="1494" mi="0" ci="4" mb="0" cb="0"/><line nr="1504" mi="0" ci="4" mb="0" cb="0"/><line nr="1514" mi="0" ci="4" mb="0" cb="0"/><line nr="1524" mi="0" ci="4" mb="0" cb="0"/><line nr="1534" mi="0" ci="4" mb="0" cb="0"/><line nr="1544" mi="0" ci="4" mb="0" cb="0"/><line nr="1554" mi="0" ci="4" mb="0" cb="0"/><line nr="1564" mi="0" ci="4" mb="0" cb="0"/><line nr="1573" mi="0" ci="4" mb="0" cb="0"/><line nr="1583" mi="0" ci="4" mb="0" cb="0"/><line nr="1594" mi="0" ci="4" mb="0" cb="0"/><line nr="1605" mi="0" ci="4" mb="0" cb="0"/><line nr="1615" mi="0" ci="4" mb="0" cb="0"/><line nr="1625" mi="0" ci="4" mb="0" cb="0"/><line nr="1638" mi="0" ci="4" mb="0" cb="0"/><line nr="1651" mi="0" ci="2" mb="1" cb="1"/><line nr="1652" mi="2" ci="0" mb="0" cb="0"/><line nr="1656" mi="0" ci="3" mb="0" cb="0"/><line nr="1657" mi="0" ci="3" mb="1" cb="1"/><line nr="1658" mi="2" ci="0" mb="0" cb="0"/><line nr="1661" mi="0" ci="6" mb="0" cb="0"/><line nr="1664" mi="0" ci="6" mb="0" cb="0"/><line nr="1667" mi="0" ci="3" mb="0" cb="0"/><line nr="1668" mi="0" ci="7" mb="0" cb="2"/><line nr="1681" mi="0" ci="2" mb="0" cb="2"/><line nr="1682" mi="0" ci="3" mb="0" cb="0"/><line nr="1685" mi="0" ci="3" mb="0" cb="0"/><line nr="1686" mi="0" ci="3" mb="0" cb="0"/><line nr="1689" mi="0" ci="2" mb="0" cb="0"/><line nr="1690" mi="0" ci="7" mb="0" cb="2"/><line nr="1691" mi="0" ci="4" mb="0" cb="0"/><line nr="1692" mi="0" ci="2" mb="0" cb="11"/><line nr="1694" mi="0" ci="2" mb="0" cb="0"/><line nr="1695" mi="0" ci="1" mb="0" cb="0"/><line nr="1697" mi="0" ci="2" mb="0" cb="0"/><line nr="1698" mi="0" ci="1" mb="0" cb="0"/><line nr="1700" mi="0" ci="2" mb="0" cb="0"/><line nr="1701" mi="0" ci="1" mb="0" cb="0"/><line nr="1703" mi="0" ci="2" mb="0" cb="0"/><line nr="1704" mi="0" ci="1" mb="0" cb="0"/><line nr="1706" mi="0" ci="2" mb="0" cb="0"/><line nr="1707" mi="0" ci="1" mb="0" cb="0"/><line nr="1709" mi="0" ci="2" mb="0" cb="0"/><line nr="1710" mi="0" ci="1" mb="0" cb="0"/><line nr="1712" mi="0" ci="2" mb="0" cb="0"/><line nr="1713" mi="0" ci="1" mb="0" cb="0"/><line nr="1715" mi="0" ci="2" mb="0" cb="0"/><line nr="1716" mi="0" ci="1" mb="0" cb="0"/><line nr="1718" mi="0" ci="2" mb="0" cb="0"/><line nr="1719" mi="0" ci="1" mb="0" cb="0"/><line nr="1721" mi="0" ci="2" mb="0" cb="0"/><line nr="1722" mi="0" ci="1" mb="0" cb="0"/><line nr="1724" mi="0" ci="1" mb="0" cb="0"/><line nr="1729" mi="0" ci="4" mb="0" cb="0"/><line nr="1730" mi="0" ci="1" mb="0" cb="0"/><line nr="1733" mi="0" ci="2" mb="0" cb="2"/><line nr="1734" mi="0" ci="3" mb="0" cb="0"/><line nr="1736" mi="0" ci="4" mb="0" cb="0"/><line nr="1748" mi="0" ci="4" mb="2" cb="2"/><line nr="1749" mi="2" ci="0" mb="0" cb="0"/><line nr="1752" mi="0" ci="5" mb="0" cb="0"/><line nr="1763" mi="0" ci="2" mb="1" cb="1"/><line nr="1764" mi="2" ci="0" mb="0" cb="0"/><line nr="1766" mi="0" ci="5" mb="1" cb="3"/><line nr="1767" mi="0" ci="2" mb="0" cb="0"/><line nr="1769" mi="0" ci="4" mb="0" cb="0"/><line nr="1770" mi="0" ci="16" mb="0" cb="2"/><line nr="1771" mi="0" ci="4" mb="0" cb="0"/><line nr="1773" mi="0" ci="3" mb="0" cb="0"/><line nr="1783" mi="0" ci="16" mb="0" cb="2"/><line nr="1784" mi="0" ci="4" mb="0" cb="0"/><line nr="1785" mi="0" ci="4" mb="0" cb="0"/><line nr="1786" mi="0" ci="4" mb="2" cb="2"/><line nr="1787" mi="2" ci="0" mb="0" cb="0"/><line nr="1790" mi="0" ci="3" mb="0" cb="0"/><line nr="1791" mi="0" ci="5" mb="1" cb="1"/><line nr="1794" mi="4" ci="0" mb="0" cb="0"/><line nr="1795" mi="4" ci="0" mb="0" cb="0"/><line nr="1796" mi="6" ci="0" mb="0" cb="0"/><line nr="1797" mi="7" ci="0" mb="2" cb="0"/><line nr="1798" mi="4" ci="0" mb="0" cb="0"/><line nr="1800" mi="3" ci="0" mb="0" cb="0"/><line nr="1802" mi="0" ci="5" mb="0" cb="2"/><line nr="1805" mi="0" ci="4" mb="0" cb="0"/><line nr="1806" mi="0" ci="4" mb="0" cb="0"/><line nr="1807" mi="0" ci="6" mb="0" cb="0"/><line nr="1808" mi="0" ci="7" mb="0" cb="2"/><line nr="1809" mi="0" ci="4" mb="0" cb="0"/><line nr="1811" mi="0" ci="3" mb="0" cb="0"/><line nr="1813" mi="0" ci="3" mb="0" cb="0"/><line nr="1814" mi="0" ci="3" mb="0" cb="0"/><line nr="1815" mi="0" ci="7" mb="0" cb="2"/><line nr="1817" mi="0" ci="4" mb="0" cb="0"/><line nr="1818" mi="0" ci="7" mb="0" cb="2"/><line nr="1819" mi="0" ci="4" mb="0" cb="0"/><line nr="1821" mi="0" ci="4" mb="0" cb="0"/><line nr="1824" mi="0" ci="3" mb="0" cb="0"/><line nr="1825" mi="0" ci="8" mb="0" cb="4"/><line nr="1826" mi="0" ci="2" mb="0" cb="0"/><line nr="1831" mi="0" ci="2" mb="0" cb="0"/><line nr="1842" mi="0" ci="4" mb="2" cb="2"/><line nr="1843" mi="2" ci="0" mb="0" cb="0"/><line nr="1845" mi="0" ci="5" mb="0" cb="0"/><line nr="1856" mi="0" ci="4" mb="2" cb="2"/><line nr="1857" mi="2" ci="0" mb="0" cb="0"/><line nr="1859" mi="0" ci="3" mb="0" cb="0"/><line nr="1863" mi="0" ci="16" mb="0" cb="2"/><line nr="1864" mi="0" ci="4" mb="0" cb="0"/><line nr="1865" mi="0" ci="4" mb="0" cb="0"/><line nr="1866" mi="0" ci="6" mb="0" cb="4"/><line nr="1867" mi="0" ci="2" mb="0" cb="0"/><line nr="1870" mi="0" ci="2" mb="0" cb="0"/><line nr="1879" mi="0" ci="2" mb="1" cb="1"/><line nr="1880" mi="2" ci="0" mb="0" cb="0"/><line nr="1883" mi="0" ci="3" mb="0" cb="0"/><line nr="1884" mi="0" ci="7" mb="1" cb="1"/><line nr="1885" mi="0" ci="5" mb="0" cb="2"/><line nr="1886" mi="0" ci="2" mb="0" cb="0"/><line nr="1889" mi="2" ci="0" mb="0" cb="0"/><line nr="1902" mi="0" ci="3" mb="0" cb="0"/><line nr="1903" mi="0" ci="8" mb="0" cb="2"/><line nr="1904" mi="0" ci="8" mb="0" cb="0"/><line nr="1911" mi="0" ci="7" mb="0" cb="2"/><line nr="1912" mi="0" ci="4" mb="0" cb="0"/><line nr="1913" mi="0" ci="5" mb="0" cb="0"/><line nr="1914" mi="0" ci="7" mb="0" cb="0"/><line nr="1915" mi="0" ci="7" mb="0" cb="0"/><line nr="1919" mi="0" ci="2" mb="0" cb="0"/><line nr="1920" mi="0" ci="16" mb="0" cb="2"/><line nr="1921" mi="0" ci="4" mb="0" cb="0"/><line nr="1925" mi="0" ci="7" mb="0" cb="0"/><line nr="1934" mi="0" ci="2" mb="0" cb="2"/><line nr="1935" mi="0" ci="2" mb="0" cb="0"/><line nr="1938" mi="0" ci="5" mb="0" cb="8"/><line nr="1940" mi="0" ci="2" mb="0" cb="0"/><line nr="1942" mi="0" ci="2" mb="0" cb="0"/><line nr="1944" mi="0" ci="2" mb="0" cb="0"/><line nr="1946" mi="0" ci="2" mb="0" cb="0"/><line nr="1949" mi="0" ci="2" mb="0" cb="0"/><line nr="1951" mi="0" ci="2" mb="0" cb="0"/><line nr="1954" mi="0" ci="2" mb="0" cb="0"/><line nr="1956" mi="0" ci="2" mb="0" cb="0"/><line nr="1966" mi="0" ci="3" mb="0" cb="0"/><line nr="1967" mi="0" ci="3" mb="0" cb="0"/><line nr="1982" mi="0" ci="2" mb="0" cb="2"/><line nr="1983" mi="0" ci="4" mb="0" cb="0"/><line nr="1986" mi="0" ci="3" mb="0" cb="0"/><line nr="1987" mi="0" ci="3" mb="0" cb="0"/><line nr="1988" mi="0" ci="3" mb="0" cb="2"/><line nr="1989" mi="0" ci="4" mb="0" cb="0"/><line nr="1992" mi="0" ci="6" mb="0" cb="0"/><line nr="2007" mi="0" ci="2" mb="0" cb="2"/><line nr="2008" mi="0" ci="4" mb="0" cb="0"/><line nr="2011" mi="0" ci="3" mb="0" cb="0"/><line nr="2012" mi="0" ci="3" mb="0" cb="0"/><line nr="2013" mi="0" ci="3" mb="0" cb="2"/><line nr="2014" mi="0" ci="4" mb="0" cb="0"/><line nr="2017" mi="0" ci="6" mb="0" cb="0"/><counter type="INSTRUCTION" missed="46" covered="2466"/><counter type="BRANCH" missed="19" covered="192"/><counter type="LINE" missed="15" covered="353"/><counter type="COMPLEXITY" missed="18" covered="214"/><counter type="METHOD" missed="0" covered="95"/><counter type="CLASS" missed="0" covered="1"/></sourcefile><sourcefile name="NIFValidator.java"><line nr="37" mi="0" ci="3" mb="0" cb="0"/><line nr="45" mi="0" ci="4" mb="0" cb="0"/><line nr="46" mi="0" ci="8" mb="1" cb="3"/><line nr="47" mi="0" ci="3" mb="1" cb="1"/><line nr="48" mi="0" ci="6" mb="1" cb="3"/><line nr="49" mi="0" ci="3" mb="0" cb="2"/><line nr="50" mi="0" ci="3" mb="1" cb="1"/><line nr="51" mi="0" ci="5" mb="1" cb="1"/><line nr="61" mi="0" ci="5" mb="0" cb="0"/><line nr="70" mi="2" ci="4" mb="1" cb="1"/><line nr="80" mi="0" ci="5" mb="0" cb="0"/><line nr="90" mi="0" ci="7" mb="0" cb="2"/><line nr="100" mi="0" ci="5" mb="0" cb="0"/><line nr="110" mi="2" ci="5" mb="1" cb="1"/><line nr="120" mi="0" ci="5" mb="0" cb="0"/><line nr="131" mi="2" ci="5" mb="1" cb="1"/><line nr="141" mi="0" ci="5" mb="0" cb="0"/><line nr="151" mi="0" ci="7" mb="0" cb="2"/><line nr="161" mi="0" ci="5" mb="0" cb="0"/><line nr="171" mi="0" ci="7" mb="0" cb="2"/><line nr="181" mi="5" ci="0" mb="0" cb="0"/><line nr="192" mi="2" ci="5" mb="1" cb="1"/><line nr="202" mi="5" ci="0" mb="0" cb="0"/><line nr="212" mi="2" ci="5" mb="1" cb="1"/><line nr="221" mi="0" ci="5" mb="1" cb="3"/><line nr="222" mi="0" ci="8" mb="0" cb="0"/><line nr="224" mi="0" ci="4" mb="0" cb="0"/><line nr="239" mi="0" ci="43" mb="0" cb="0"/><line nr="240" mi="0" ci="99" mb="0" cb="0"/><line nr="241" mi="0" ci="95" mb="0" cb="0"/><line nr="242" mi="0" ci="43" mb="0" cb="0"/><line nr="243" mi="0" ci="47" mb="0" cb="0"/><line nr="244" mi="0" ci="55" mb="0" cb="0"/><line nr="245" mi="0" ci="27" mb="0" cb="0"/><line nr="246" mi="0" ci="39" mb="0" cb="0"/><line nr="247" mi="0" ci="16" mb="0" cb="0"/><line nr="255" mi="0" ci="12" mb="1" cb="3"/><line nr="261" mi="0" ci="2" mb="0" cb="0"/><line nr="264" mi="0" ci="3" mb="0" cb="0"/><line nr="265" mi="0" ci="4" mb="1" cb="1"/><line nr="266" mi="2" ci="0" mb="0" cb="0"/><line nr="268" mi="0" ci="2" mb="0" cb="0"/><line nr="269" mi="0" ci="2" mb="0" cb="0"/><line nr="270" mi="0" ci="2" mb="0" cb="0"/><line nr="271" mi="0" ci="2" mb="0" cb="0"/><line nr="272" mi="0" ci="2" mb="0" cb="0"/><line nr="273" mi="0" ci="3" mb="0" cb="0"/><line nr="276" mi="0" ci="7" mb="0" cb="2"/><line nr="277" mi="0" ci="4" mb="0" cb="0"/><line nr="278" mi="0" ci="3" mb="0" cb="0"/><line nr="279" mi="0" ci="5" mb="0" cb="4"/><line nr="280" mi="0" ci="1" mb="0" cb="0"/><line nr="281" mi="0" ci="2" mb="0" cb="0"/><line nr="282" mi="0" ci="3" mb="0" cb="0"/><line nr="283" mi="0" ci="6" mb="1" cb="3"/><line nr="284" mi="0" ci="1" mb="0" cb="0"/><line nr="285" mi="0" ci="2" mb="0" cb="0"/><line nr="286" mi="0" ci="3" mb="0" cb="0"/><line nr="288" mi="3" ci="3" mb="3" cb="1"/><line nr="289" mi="2" ci="0" mb="0" cb="0"/><line nr="292" mi="0" ci="3" mb="1" cb="1"/><line nr="293" mi="2" ci="0" mb="0" cb="0"/><line nr="298" mi="0" ci="2" mb="1" cb="1"/><line nr="299" mi="5" ci="0" mb="2" cb="0"/><line nr="300" mi="2" ci="0" mb="0" cb="0"/><line nr="302" mi="4" ci="0" mb="0" cb="0"/><line nr="303" mi="40" ci="0" mb="20" cb="0"/><line nr="304" mi="2" ci="0" mb="0" cb="0"/><line nr="306" mi="2" ci="0" mb="0" cb="0"/><line nr="311" mi="0" ci="17" mb="2" cb="6"/><line nr="312" mi="0" ci="7" mb="0" cb="2"/><line nr="313" mi="0" ci="9" mb="0" cb="6"/><line nr="314" mi="0" ci="8" mb="0" cb="0"/><line nr="315" mi="0" ci="3" mb="0" cb="2"/><line nr="316" mi="0" ci="1" mb="0" cb="0"/><line nr="319" mi="0" ci="5" mb="0" cb="0"/><line nr="321" mi="0" ci="8" mb="0" cb="0"/><line nr="325" mi="0" ci="6" mb="0" cb="0"/><line nr="326" mi="0" ci="3" mb="1" cb="1"/><line nr="327" mi="2" ci="0" mb="0" cb="0"/><line nr="330" mi="0" ci="7" mb="1" cb="1"/><line nr="331" mi="0" ci="7" mb="1" cb="1"/><line nr="332" mi="2" ci="0" mb="0" cb="0"/><line nr="334" mi="0" ci="2" mb="0" cb="0"/><line nr="337" mi="2" ci="0" mb="0" cb="0"/><line nr="339" mi="0" ci="22" mb="3" cb="7"/><line nr="340" mi="7" ci="0" mb="2" cb="0"/><line nr="341" mi="9" ci="0" mb="6" cb="0"/><line nr="342" mi="8" ci="0" mb="0" cb="0"/><line nr="343" mi="3" ci="0" mb="2" cb="0"/><line nr="344" mi="1" ci="0" mb="0" cb="0"/><line nr="347" mi="5" ci="0" mb="0" cb="0"/><line nr="349" mi="8" ci="0" mb="0" cb="0"/><line nr="353" mi="6" ci="0" mb="0" cb="0"/><line nr="354" mi="9" ci="0" mb="2" cb="0"/><line nr="355" mi="7" ci="0" mb="2" cb="0"/><line nr="356" mi="2" ci="0" mb="0" cb="0"/><line nr="358" mi="2" ci="0" mb="0" cb="0"/><line nr="361" mi="2" ci="0" mb="0" cb="0"/><line nr="363" mi="0" ci="20" mb="3" cb="5"/><line nr="364" mi="0" ci="6" mb="0" cb="0"/><line nr="365" mi="0" ci="4" mb="0" cb="0"/><line nr="366" mi="0" ci="6" mb="0" cb="2"/><line nr="367" mi="0" ci="12" mb="3" cb="3"/><line nr="368" mi="0" ci="2" mb="0" cb="0"/><line nr="370" mi="2" ci="0" mb="0" cb="0"/><line nr="373" mi="0" ci="2" mb="0" cb="0"/><line nr="375" mi="10" ci="18" mb="8" cb="4"/><line nr="376" mi="5" ci="0" mb="0" cb="0"/><line nr="377" mi="14" ci="0" mb="4" cb="0"/><line nr="378" mi="3" ci="0" mb="0" cb="0"/><line nr="379" mi="6" ci="0" mb="4" cb="0"/><line nr="380" mi="5" ci="0" mb="0" cb="0"/><line nr="381" mi="3" ci="0" mb="0" cb="0"/><line nr="382" mi="4" ci="0" mb="0" cb="0"/><line nr="383" mi="4" ci="0" mb="0" cb="0"/><line nr="384" mi="4" ci="0" mb="2" cb="0"/><line nr="385" mi="2" ci="0" mb="0" cb="0"/><line nr="386" mi="8" ci="0" mb="2" cb="0"/><line nr="387" mi="2" ci="0" mb="0" cb="0"/><line nr="389" mi="2" ci="0" mb="0" cb="0"/><line nr="392" mi="2" ci="0" mb="0" cb="0"/><line nr="395" mi="2" ci="0" mb="0" cb="0"/><line nr="397" mi="0" ci="4" mb="1" cb="1"/><line nr="398" mi="2" ci="0" mb="0" cb="0"/><line nr="399" mi="0" ci="20" mb="2" cb="6"/><line nr="400" mi="0" ci="5" mb="0" cb="0"/><line nr="401" mi="0" ci="3" mb="0" cb="0"/><line nr="402" mi="0" ci="5" mb="1" cb="1"/><line nr="403" mi="0" ci="5" mb="0" cb="0"/><line nr="404" mi="5" ci="0" mb="2" cb="0"/><line nr="405" mi="4" ci="0" mb="0" cb="0"/><line nr="408" mi="0" ci="4" mb="0" cb="0"/><line nr="409" mi="0" ci="4" mb="0" cb="0"/><line nr="410" mi="0" ci="4" mb="1" cb="1"/><line nr="411" mi="2" ci="0" mb="0" cb="0"/><line nr="412" mi="0" ci="8" mb="0" cb="2"/><line nr="413" mi="0" ci="2" mb="0" cb="0"/><line nr="415" mi="0" ci="2" mb="0" cb="0"/><line nr="418" mi="0" ci="2" mb="0" cb="0"/><line nr="425" mi="0" ci="2" mb="0" cb="0"/><line nr="427" mi="0" ci="16" mb="0" cb="2"/><line nr="428" mi="0" ci="3" mb="0" cb="2"/><line nr="429" mi="0" ci="2" mb="0" cb="0"/><line nr="430" mi="0" ci="1" mb="0" cb="0"/><line nr="434" mi="0" ci="2" mb="0" cb="0"/><counter type="INSTRUCTION" missed="250" covered="939"/><counter type="BRANCH" missed="96" covered="96"/><counter type="LINE" missed="47" covered="99"/><counter type="COMPLEXITY" missed="70" covered="49"/><counter type="METHOD" missed="2" covered="21"/><counter type="CLASS" missed="0" covered="2"/></sourcefile><sourcefile name="CreditCardNetwork.java"><line nr="21" mi="0" ci="76" mb="0" cb="0"/><line nr="25" mi="0" ci="6" mb="0" cb="0"/><line nr="30" mi="0" ci="6" mb="0" cb="0"/><line nr="35" mi="0" ci="6" mb="0" cb="0"/><line nr="40" mi="0" ci="6" mb="0" cb="0"/><line nr="45" mi="0" ci="6" mb="0" cb="0"/><line nr="50" mi="0" ci="6" mb="0" cb="0"/><line nr="55" mi="0" ci="6" mb="0" cb="0"/><line nr="60" mi="0" ci="6" mb="0" cb="0"/><line nr="65" mi="0" ci="6" mb="0" cb="0"/><line nr="70" mi="0" ci="6" mb="0" cb="0"/><line nr="75" mi="0" ci="6" mb="0" cb="0"/><line nr="80" mi="0" ci="6" mb="0" cb="0"/><line nr="85" mi="0" ci="6" mb="0" cb="0"/><line nr="90" mi="0" ci="6" mb="0" cb="0"/><line nr="95" mi="0" ci="6" mb="0" cb="0"/><line nr="100" mi="0" ci="6" mb="0" cb="0"/><line nr="105" mi="0" ci="6" mb="0" cb="0"/><line nr="110" mi="0" ci="6" mb="0" cb="0"/><counter type="INSTRUCTION" missed="0" covered="184"/><counter type="LINE" missed="0" covered="19"/><counter type="COMPLEXITY" missed="0" covered="1"/><counter type="METHOD" missed="0" covered="1"/><counter type="CLASS" missed="0" covered="1"/></sourcefile><counter type="INSTRUCTION" missed="297" covered="3900"/><counter type="BRANCH" missed="117" covered="310"/><counter type="LINE" missed="62" covered="535"/><counter type="COMPLEXITY" missed="90" covered="287"/><counter type="METHOD" missed="2" covered="130"/><counter type="CLASS" missed="0" covered="7"/></package><counter type="INSTRUCTION" missed="328" covered="4530"/><counter type="BRANCH" missed="129" covered="348"/><counter type="LINE" missed="75" covered="684"/><counter type="COMPLEXITY" missed="102" covered="344"/><counter type="METHOD" missed="2" covered="174"/><counter type="CLASS" missed="0" covered="15"/></report>